2024-08-26 09:54:09,181 [Worker-6: Loading available Gradle versions] INFO  o.e.b.c.i.u.g.PublishedGradleVersions - Gradle version information cache is up-to-date. Trying to read.
2024-08-26 10:05:07,703 [Worker-16: Importing Maven projects] INFO  o.e.m.c.i.l.LifecycleMappingFactory - Using org.eclipse.m2e.jdt.JarLifecycleMapping lifecycle mapping for MavenProject: com.gym:fitcliff:0.0.1-SNAPSHOT @ C:\Users\msravani\Downloads\fitcliff-main\pom.xml.
2024-08-26 10:05:10,758 [Worker-16: Importing Maven projects] INFO  o.e.m.c.i.embedder.EclipseLogger - Code generation is skipped in delta-build because source-json was not modified.
2024-08-26 10:05:10,928 [Worker-16: Importing Maven projects] INFO  o.e.m.j.i.AbstractJavaProjectConfigurator - Adding source folder /fitcliff/src/main/java
2024-08-26 10:05:10,940 [Worker-16: Importing Maven projects] INFO  o.e.m.j.i.AbstractJavaProjectConfigurator - Adding source folder /fitcliff/target/generated-sources/openapi/src/main/java
2024-08-26 10:05:10,941 [Worker-16: Importing Maven projects] INFO  o.e.m.j.i.AbstractJavaProjectConfigurator - Adding resource folder /fitcliff/src/main/resources
2024-08-26 10:05:10,950 [Worker-16: Importing Maven projects] INFO  o.e.m.j.i.AbstractJavaProjectConfigurator - Adding resource folder /fitcliff/src/main/resources
2024-08-26 10:05:10,951 [Worker-16: Importing Maven projects] INFO  o.e.m.j.i.AbstractJavaProjectConfigurator - Adding source folder /fitcliff/src/test/java
2024-08-26 10:05:13,749 [Worker-16: Importing Maven projects] INFO  o.e.m.c.i.p.ProjectConfigurationManager - Imported and configured 1 project(s) in 7 sec
2024-08-26 10:05:14,817 [Worker-21: Download sources and javadoc] INFO  o.e.m.c.i.e.AbstractTransferListenerAdapter - Downloading https://nexus3-aprr-sagt.apps.cicd.arcus.soprasteria.com/repository/maven-public/org/springframework/boot/spring-boot-starter-data-jpa/3.3.2/spring-boot-starter-data-jpa-3.3.2-sources.jar
2024-08-26 10:05:15,917 [Worker-21: Download sources and javadoc] INFO  o.e.m.c.i.e.AbstractTransferListenerAdapter - Downloaded https://nexus3-aprr-sagt.apps.cicd.arcus.soprasteria.com/repository/maven-public/org/springframework/boot/spring-boot-starter-data-jpa/3.3.2/spring-boot-starter-data-jpa-3.3.2-sources.jar
2024-08-26 10:05:15,925 [Worker-21: Download sources and javadoc] INFO  o.e.m.j.internal.DownloadSourcesJob - Downloaded sources for org.springframework.boot:spring-boot-starter-data-jpa:3.3.2
2024-08-26 10:05:17,612 [Worker-21: Download sources and javadoc] INFO  o.e.m.c.i.e.AbstractTransferListenerAdapter - Downloading https://nexus3-aprr-sagt.apps.cicd.arcus.soprasteria.com/repository/maven-public/org/springframework/boot/spring-boot-starter-aop/3.3.2/spring-boot-starter-aop-3.3.2-sources.jar
2024-08-26 10:05:18,709 [Worker-21: Download sources and javadoc] INFO  o.e.m.c.i.e.AbstractTransferListenerAdapter - Downloaded https://nexus3-aprr-sagt.apps.cicd.arcus.soprasteria.com/repository/maven-public/org/springframework/boot/spring-boot-starter-aop/3.3.2/spring-boot-starter-aop-3.3.2-sources.jar
2024-08-26 10:05:18,717 [Worker-21: Download sources and javadoc] INFO  o.e.m.j.internal.DownloadSourcesJob - Downloaded sources for org.springframework.boot:spring-boot-starter-aop:3.3.2
2024-08-26 10:05:20,505 [Worker-21: Download sources and javadoc] INFO  o.e.m.c.i.e.AbstractTransferListenerAdapter - Downloading https://nexus3-aprr-sagt.apps.cicd.arcus.soprasteria.com/repository/maven-public/org/springframework/spring-aop/6.1.11/spring-aop-6.1.11-sources.jar
2024-08-26 10:05:22,609 [Worker-24: Building] INFO  o.o.codegen.DefaultGenerator - Generating with dryRun=false
2024-08-26 10:05:22,655 [Worker-24: Building] INFO  o.o.c.ignore.CodegenIgnoreProcessor - No .openapi-generator-ignore file found.
2024-08-26 10:05:22,655 [Worker-24: Building] INFO  o.o.codegen.DefaultGenerator - OpenAPI Generator: spring (server)
2024-08-26 10:05:22,656 [Worker-24: Building] INFO  o.o.codegen.DefaultGenerator - Generator 'spring' is considered stable.
2024-08-26 10:05:22,662 [Worker-24: Building] INFO  o.o.codegen.languages.SpringCodegen - ----------------------------------
2024-08-26 10:05:22,663 [Worker-24: Building] INFO  o.o.c.languages.AbstractJavaCodegen - Environment variable JAVA_POST_PROCESS_FILE not defined so the Java code may not be properly formatted. To define it, try 'export JAVA_POST_PROCESS_FILE="/usr/local/bin/clang-format -i"' (Linux/Mac)
2024-08-26 10:05:22,663 [Worker-24: Building] INFO  o.o.c.languages.AbstractJavaCodegen - NOTE: To enable file post-processing, 'enablePostProcessFile' must be set to `true` (--enable-post-process-file for CLI).
2024-08-26 10:05:22,663 [Worker-24: Building] INFO  o.o.c.languages.AbstractJavaCodegen - Invoker Package Name, originally not set, is now derived from api package name: com.gym.fitcliff
2024-08-26 10:05:22,811 [Worker-24: Building] INFO  o.o.codegen.InlineModelResolver - Inline schema created as createDocumentId_request. To have complete control of the model name, set the `title` field or use the modelNameMapping option (e.g. --model-name-mappings createDocumentId_request=NewModel,ModelA=NewModelA in CLI) or inlineSchemaNameMapping option (--inline-schema-name-mappings createDocumentId_request=NewModel,ModelA=NewModelA in CLI).
2024-08-26 10:05:22,826 [Worker-24: Building] INFO  o.o.codegen.InlineModelResolver - Inline schema created as ValidationError_details_inner. To have complete control of the model name, set the `title` field or use the modelNameMapping option (e.g. --model-name-mappings ValidationError_details_inner=NewModel,ModelA=NewModelA in CLI) or inlineSchemaNameMapping option (--inline-schema-name-mappings ValidationError_details_inner=NewModel,ModelA=NewModelA in CLI).
2024-08-26 10:05:22,834 [Worker-21: Download sources and javadoc] INFO  o.e.m.c.i.e.AbstractTransferListenerAdapter - Downloaded https://nexus3-aprr-sagt.apps.cicd.arcus.soprasteria.com/repository/maven-public/org/springframework/spring-aop/6.1.11/spring-aop-6.1.11-sources.jar
2024-08-26 10:05:22,841 [Worker-21: Download sources and javadoc] INFO  o.e.m.j.internal.DownloadSourcesJob - Downloaded sources for org.springframework:spring-aop:6.1.11
2024-08-26 10:05:22,871 [Worker-24: Building] INFO  o.o.c.languages.AbstractJavaCodegen - Processing operation createDocumentId
2024-08-26 10:05:22,872 [Worker-24: Building] INFO  o.o.c.languages.AbstractJavaCodegen - Processing operation getDocumentId
2024-08-26 10:05:22,872 [Worker-24: Building] INFO  o.o.c.languages.AbstractJavaCodegen - Processing operation deleteDocumentId
2024-08-26 10:05:22,872 [Worker-24: Building] INFO  o.o.c.languages.AbstractJavaCodegen - Processing operation createImage
2024-08-26 10:05:22,874 [Worker-24: Building] INFO  o.o.c.languages.AbstractJavaCodegen - Processing operation getImage
2024-08-26 10:05:22,874 [Worker-24: Building] INFO  o.o.c.languages.AbstractJavaCodegen - Processing operation deleteImage
2024-08-26 10:05:22,874 [Worker-24: Building] INFO  o.o.c.languages.AbstractJavaCodegen - Processing operation getGroups
2024-08-26 10:05:22,874 [Worker-24: Building] INFO  o.o.c.languages.AbstractJavaCodegen - Processing operation createGroup
2024-08-26 10:05:22,874 [Worker-24: Building] INFO  o.o.c.languages.AbstractJavaCodegen - Processing operation searchCustomerBy
2024-08-26 10:05:22,874 [Worker-24: Building] INFO  o.o.c.languages.AbstractJavaCodegen - Processing operation searchCustomer
2024-08-26 10:05:22,874 [Worker-24: Building] INFO  o.o.c.languages.AbstractJavaCodegen - Processing operation getCustomer
2024-08-26 10:05:22,874 [Worker-24: Building] INFO  o.o.c.languages.AbstractJavaCodegen - Processing operation getCustomers
2024-08-26 10:05:22,874 [Worker-24: Building] INFO  o.o.c.languages.AbstractJavaCodegen - Processing operation updateCustomer
2024-08-26 10:05:22,874 [Worker-24: Building] INFO  o.o.c.languages.AbstractJavaCodegen - Processing operation createCustomer
2024-08-26 10:05:23,059 [Worker-24: Building] WARN  o.o.codegen.utils.ModelUtils - Validation 'exclusiveMinimum' has no effect on schema 'string'. Ignoring!
2024-08-26 10:05:23,064 [Worker-24: Building] WARN  o.o.codegen.utils.ModelUtils - Validation 'exclusiveMinimum' has no effect on schema 'string'. Ignoring!
2024-08-26 10:05:23,128 [Worker-24: Building] INFO  o.o.codegen.DefaultGenerator - Model createDocumentId_request not generated since it's marked as unused (due to form parameters) and `skipFormModel` (global property) set to true (default)
2024-08-26 10:05:23,236 [Worker-24: Building] INFO  o.o.codegen.TemplateManager - writing file C:\Users\msravani\Downloads\fitcliff-main\target\generated-sources\openapi\src\main\java\com\gym\fitcliff\model\Customer.java
2024-08-26 10:05:23,275 [Worker-24: Building] INFO  o.o.codegen.TemplateManager - writing file C:\Users\msravani\Downloads\fitcliff-main\target\generated-sources\openapi\src\main\java\com\gym\fitcliff\model\DocumentImage.java
2024-08-26 10:05:23,309 [Worker-24: Building] INFO  o.o.codegen.TemplateManager - writing file C:\Users\msravani\Downloads\fitcliff-main\target\generated-sources\openapi\src\main\java\com\gym\fitcliff\model\Group.java
2024-08-26 10:05:23,343 [Worker-24: Building] INFO  o.o.codegen.TemplateManager - writing file C:\Users\msravani\Downloads\fitcliff-main\target\generated-sources\openapi\src\main\java\com\gym\fitcliff\model\GroupPayment.java
2024-08-26 10:05:23,369 [Worker-24: Building] INFO  o.o.codegen.TemplateManager - writing file C:\Users\msravani\Downloads\fitcliff-main\target\generated-sources\openapi\src\main\java\com\gym\fitcliff\model\Image.java
2024-08-26 10:05:23,399 [Worker-24: Building] INFO  o.o.codegen.TemplateManager - writing file C:\Users\msravani\Downloads\fitcliff-main\target\generated-sources\openapi\src\main\java\com\gym\fitcliff\model\IndividualPayment.java
2024-08-26 10:05:23,428 [Worker-24: Building] INFO  o.o.codegen.TemplateManager - writing file C:\Users\msravani\Downloads\fitcliff-main\target\generated-sources\openapi\src\main\java\com\gym\fitcliff\model\SearchCustomer.java
2024-08-26 10:05:23,455 [Worker-24: Building] INFO  o.o.codegen.TemplateManager - writing file C:\Users\msravani\Downloads\fitcliff-main\target\generated-sources\openapi\src\main\java\com\gym\fitcliff\model\ValidationError.java
2024-08-26 10:05:23,492 [Worker-24: Building] INFO  o.o.codegen.TemplateManager - writing file C:\Users\msravani\Downloads\fitcliff-main\target\generated-sources\openapi\src\main\java\com\gym\fitcliff\model\ValidationErrorDetailsInner.java
2024-08-26 10:05:23,637 [Worker-24: Building] INFO  o.o.codegen.DefaultGenerator - Implementation file C:\Users\msravani\Downloads\fitcliff-main\target\generated-sources\openapi\src\main\java\com\gym\fitcliff\api\AdminApiController.java is not overwritten
2024-08-26 10:05:23,699 [Worker-24: Building] INFO  o.o.codegen.TemplateManager - writing file C:\Users\msravani\Downloads\fitcliff-main\target\generated-sources\openapi\src\main\java\com\gym\fitcliff\api\AdminApi.java
2024-08-26 10:05:23,721 [Worker-24: Building] INFO  o.o.codegen.TemplateManager - writing file C:\Users\msravani\Downloads\fitcliff-main\target\generated-sources\openapi\src\main\java\com\gym\fitcliff\api\AdminApiDelegate.java
2024-08-26 10:05:23,882 [Worker-24: Building] INFO  o.o.codegen.TemplateManager - Skipped C:\Users\msravani\Downloads\fitcliff-main\target\generated-sources\openapi\pom.xml (Skipped by supportingFiles options supplied by user.)
2024-08-26 10:05:23,882 [Worker-24: Building] INFO  o.o.codegen.TemplateManager - Skipped C:\Users\msravani\Downloads\fitcliff-main\target\generated-sources\openapi\README.md (Skipped by supportingFiles options supplied by user.)
2024-08-26 10:05:23,883 [Worker-24: Building] INFO  o.o.codegen.TemplateManager - Skipped C:\Users\msravani\Downloads\fitcliff-main\target\generated-sources\openapi\src\main\java\org\openapitools\OpenApiGeneratorApplication.java (Skipped by supportingFiles options supplied by user.)
2024-08-26 10:05:23,883 [Worker-24: Building] INFO  o.o.codegen.TemplateManager - Skipped C:\Users\msravani\Downloads\fitcliff-main\target\generated-sources\openapi\src\test\java\org\openapitools\OpenApiGeneratorApplicationTests.java (Skipped by supportingFiles options supplied by user.)
2024-08-26 10:05:23,883 [Worker-24: Building] INFO  o.o.codegen.TemplateManager - Skipped C:\Users\msravani\Downloads\fitcliff-main\target\generated-sources\openapi\src\main\java\org\openapitools\RFC3339DateFormat.java (Skipped by supportingFiles options supplied by user.)
2024-08-26 10:05:23,883 [Worker-24: Building] INFO  o.o.codegen.TemplateManager - Skipped C:\Users\msravani\Downloads\fitcliff-main\target\generated-sources\openapi\src\main\resources\application.properties (Skipped by supportingFiles options supplied by user.)
2024-08-26 10:05:23,883 [Worker-24: Building] INFO  o.o.codegen.TemplateManager - Skipped C:\Users\msravani\Downloads\fitcliff-main\target\generated-sources\openapi\src\main\java\org\openapitools\configuration\HomeController.java (Skipped by supportingFiles options supplied by user.)
2024-08-26 10:05:23,884 [Worker-24: Building] INFO  o.o.codegen.TemplateManager - Skipped C:\Users\msravani\Downloads\fitcliff-main\target\generated-sources\openapi\src\main\resources\openapi.yaml (Skipped by supportingFiles options supplied by user.)
2024-08-26 10:05:23,884 [Worker-24: Building] INFO  o.o.codegen.TemplateManager - Skipped C:\Users\msravani\Downloads\fitcliff-main\target\generated-sources\openapi\src\main\java\org\openapitools\configuration\SpringDocConfiguration.java (Skipped by supportingFiles options supplied by user.)
2024-08-26 10:05:23,886 [Worker-24: Building] INFO  o.o.codegen.TemplateManager - writing file C:\Users\msravani\Downloads\fitcliff-main\target\generated-sources\openapi\src\main\java\com\gym\fitcliff\api\ApiUtil.java
2024-08-26 10:05:23,888 [Worker-24: Building] INFO  o.o.codegen.TemplateManager - Skipped C:\Users\msravani\Downloads\fitcliff-main\target\generated-sources\openapi\.openapi-generator-ignore (Skipped by supportingFiles options supplied by user.)
2024-08-26 10:05:23,888 [Worker-24: Building] INFO  o.o.codegen.TemplateManager - writing file C:\Users\msravani\Downloads\fitcliff-main\target\generated-sources\openapi\.openapi-generator\VERSION
2024-08-26 10:05:23,897 [Worker-24: Building] INFO  o.o.codegen.TemplateManager - writing file C:\Users\msravani\Downloads\fitcliff-main\target\generated-sources\openapi\.openapi-generator\FILES
2024-08-26 10:05:23,963 [Worker-24: Building] INFO  o.a.m.s.f.DefaultMavenResourcesFiltering - Copying 1 resource from src\main\resources to target\classes
2024-08-26 10:05:23,995 [Worker-24: Building] INFO  o.a.m.s.f.DefaultMavenResourcesFiltering - Copying 1 resource from src\main\resources to target\classes
2024-08-26 10:05:24,004 [Worker-24: Building] INFO  o.a.m.s.f.DefaultMavenResourcesFiltering - skip non existing resourceDirectory C:\Users\msravani\Downloads\fitcliff-main\src\test\resources
2024-08-26 10:05:24,753 [Worker-21: Download sources and javadoc] INFO  o.e.m.c.i.e.AbstractTransferListenerAdapter - Downloading https://nexus3-aprr-sagt.apps.cicd.arcus.soprasteria.com/repository/maven-public/org/aspectj/aspectjweaver/1.9.22.1/aspectjweaver-1.9.22.1-sources.jar
2024-08-26 10:05:26,330 [Worker-23: Building] INFO  o.e.m.c.i.embedder.EclipseLogger - Code generation is skipped in delta-build because source-json was not modified.
2024-08-26 10:05:26,338 [Worker-23: Building] INFO  o.a.m.s.f.DefaultMavenResourcesFiltering - Copying 1 resource from src\main\resources to target\classes
2024-08-26 10:05:26,347 [Worker-23: Building] INFO  o.a.m.s.f.DefaultMavenResourcesFiltering - Copying 1 resource from src\main\resources to target\classes
2024-08-26 10:05:26,351 [Worker-23: Building] INFO  o.a.m.s.f.DefaultMavenResourcesFiltering - skip non existing resourceDirectory C:\Users\msravani\Downloads\fitcliff-main\src\test\resources
2024-08-26 10:05:29,011 [Worker-21: Download sources and javadoc] INFO  o.e.m.c.i.e.AbstractTransferListenerAdapter - Downloaded https://nexus3-aprr-sagt.apps.cicd.arcus.soprasteria.com/repository/maven-public/org/aspectj/aspectjweaver/1.9.22.1/aspectjweaver-1.9.22.1-sources.jar
2024-08-26 10:05:29,019 [Worker-21: Download sources and javadoc] INFO  o.e.m.j.internal.DownloadSourcesJob - Downloaded sources for org.aspectj:aspectjweaver:1.9.22.1
2024-08-26 10:05:30,659 [Worker-21: Download sources and javadoc] INFO  o.e.m.c.i.e.AbstractTransferListenerAdapter - Downloading https://nexus3-aprr-sagt.apps.cicd.arcus.soprasteria.com/repository/maven-public/org/springframework/boot/spring-boot-starter-jdbc/3.3.2/spring-boot-starter-jdbc-3.3.2-sources.jar
2024-08-26 10:05:31,757 [Worker-21: Download sources and javadoc] INFO  o.e.m.c.i.e.AbstractTransferListenerAdapter - Downloaded https://nexus3-aprr-sagt.apps.cicd.arcus.soprasteria.com/repository/maven-public/org/springframework/boot/spring-boot-starter-jdbc/3.3.2/spring-boot-starter-jdbc-3.3.2-sources.jar
2024-08-26 10:05:31,764 [Worker-21: Download sources and javadoc] INFO  o.e.m.j.internal.DownloadSourcesJob - Downloaded sources for org.springframework.boot:spring-boot-starter-jdbc:3.3.2
2024-08-26 10:05:33,823 [Worker-21: Download sources and javadoc] INFO  o.e.m.c.i.e.AbstractTransferListenerAdapter - Downloading https://nexus3-aprr-sagt.apps.cicd.arcus.soprasteria.com/repository/maven-public/com/zaxxer/HikariCP/5.1.0/HikariCP-5.1.0-sources.jar
2024-08-26 10:05:35,727 [Worker-21: Download sources and javadoc] INFO  o.e.m.c.i.e.AbstractTransferListenerAdapter - Downloaded https://nexus3-aprr-sagt.apps.cicd.arcus.soprasteria.com/repository/maven-public/com/zaxxer/HikariCP/5.1.0/HikariCP-5.1.0-sources.jar
2024-08-26 10:05:35,737 [Worker-21: Download sources and javadoc] INFO  o.e.m.j.internal.DownloadSourcesJob - Downloaded sources for com.zaxxer:HikariCP:5.1.0
2024-08-26 10:05:37,589 [Worker-21: Download sources and javadoc] INFO  o.e.m.c.i.e.AbstractTransferListenerAdapter - Downloading https://nexus3-aprr-sagt.apps.cicd.arcus.soprasteria.com/repository/maven-public/org/springframework/spring-jdbc/6.1.11/spring-jdbc-6.1.11-sources.jar
2024-08-26 10:05:40,133 [Worker-21: Download sources and javadoc] INFO  o.e.m.c.i.e.AbstractTransferListenerAdapter - Downloaded https://nexus3-aprr-sagt.apps.cicd.arcus.soprasteria.com/repository/maven-public/org/springframework/spring-jdbc/6.1.11/spring-jdbc-6.1.11-sources.jar
2024-08-26 10:05:40,140 [Worker-21: Download sources and javadoc] INFO  o.e.m.j.internal.DownloadSourcesJob - Downloaded sources for org.springframework:spring-jdbc:6.1.11
2024-08-26 10:05:42,058 [Worker-21: Download sources and javadoc] INFO  o.e.m.c.i.e.AbstractTransferListenerAdapter - Downloading https://nexus3-aprr-sagt.apps.cicd.arcus.soprasteria.com/repository/maven-public/org/springframework/data/spring-data-jpa/3.3.2/spring-data-jpa-3.3.2-sources.jar
2024-08-26 10:05:44,767 [Worker-21: Download sources and javadoc] INFO  o.e.m.c.i.e.AbstractTransferListenerAdapter - Downloaded https://nexus3-aprr-sagt.apps.cicd.arcus.soprasteria.com/repository/maven-public/org/springframework/data/spring-data-jpa/3.3.2/spring-data-jpa-3.3.2-sources.jar
2024-08-26 10:05:44,771 [Worker-21: Download sources and javadoc] INFO  o.e.m.j.internal.DownloadSourcesJob - Downloaded sources for org.springframework.data:spring-data-jpa:3.3.2
2024-08-26 10:05:46,648 [Worker-21: Download sources and javadoc] INFO  o.e.m.c.i.e.AbstractTransferListenerAdapter - Downloading https://nexus3-aprr-sagt.apps.cicd.arcus.soprasteria.com/repository/maven-public/org/springframework/data/spring-data-commons/3.3.2/spring-data-commons-3.3.2-sources.jar
2024-08-26 10:05:49,737 [Worker-21: Download sources and javadoc] INFO  o.e.m.c.i.e.AbstractTransferListenerAdapter - Downloaded https://nexus3-aprr-sagt.apps.cicd.arcus.soprasteria.com/repository/maven-public/org/springframework/data/spring-data-commons/3.3.2/spring-data-commons-3.3.2-sources.jar
2024-08-26 10:05:49,754 [Worker-21: Download sources and javadoc] INFO  o.e.m.j.internal.DownloadSourcesJob - Downloaded sources for org.springframework.data:spring-data-commons:3.3.2
2024-08-26 10:05:51,575 [Worker-21: Download sources and javadoc] INFO  o.e.m.c.i.e.AbstractTransferListenerAdapter - Downloading https://nexus3-aprr-sagt.apps.cicd.arcus.soprasteria.com/repository/maven-public/org/springframework/spring-orm/6.1.11/spring-orm-6.1.11-sources.jar
2024-08-26 10:05:53,174 [Worker-21: Download sources and javadoc] INFO  o.e.m.c.i.e.AbstractTransferListenerAdapter - Downloaded https://nexus3-aprr-sagt.apps.cicd.arcus.soprasteria.com/repository/maven-public/org/springframework/spring-orm/6.1.11/spring-orm-6.1.11-sources.jar
2024-08-26 10:05:53,180 [Worker-21: Download sources and javadoc] INFO  o.e.m.j.internal.DownloadSourcesJob - Downloaded sources for org.springframework:spring-orm:6.1.11
2024-08-26 10:05:55,058 [Worker-21: Download sources and javadoc] INFO  o.e.m.c.i.e.AbstractTransferListenerAdapter - Downloading https://nexus3-aprr-sagt.apps.cicd.arcus.soprasteria.com/repository/maven-public/org/springframework/spring-context/6.1.11/spring-context-6.1.11-sources.jar
2024-08-26 10:05:58,859 [Worker-21: Download sources and javadoc] INFO  o.e.m.c.i.e.AbstractTransferListenerAdapter - Downloaded https://nexus3-aprr-sagt.apps.cicd.arcus.soprasteria.com/repository/maven-public/org/springframework/spring-context/6.1.11/spring-context-6.1.11-sources.jar
2024-08-26 10:05:58,867 [Worker-21: Download sources and javadoc] INFO  o.e.m.j.internal.DownloadSourcesJob - Downloaded sources for org.springframework:spring-context:6.1.11
2024-08-26 10:06:00,781 [Worker-21: Download sources and javadoc] INFO  o.e.m.c.i.e.AbstractTransferListenerAdapter - Downloading https://nexus3-aprr-sagt.apps.cicd.arcus.soprasteria.com/repository/maven-public/org/springframework/spring-tx/6.1.11/spring-tx-6.1.11-sources.jar
2024-08-26 10:06:02,698 [Worker-21: Download sources and javadoc] INFO  o.e.m.c.i.e.AbstractTransferListenerAdapter - Downloaded https://nexus3-aprr-sagt.apps.cicd.arcus.soprasteria.com/repository/maven-public/org/springframework/spring-tx/6.1.11/spring-tx-6.1.11-sources.jar
2024-08-26 10:06:02,705 [Worker-21: Download sources and javadoc] INFO  o.e.m.j.internal.DownloadSourcesJob - Downloaded sources for org.springframework:spring-tx:6.1.11
2024-08-26 10:06:04,486 [Worker-21: Download sources and javadoc] INFO  o.e.m.c.i.e.AbstractTransferListenerAdapter - Downloading https://nexus3-aprr-sagt.apps.cicd.arcus.soprasteria.com/repository/maven-public/org/springframework/spring-beans/6.1.11/spring-beans-6.1.11-sources.jar
2024-08-26 10:06:07,758 [Worker-21: Download sources and javadoc] INFO  o.e.m.c.i.e.AbstractTransferListenerAdapter - Downloaded https://nexus3-aprr-sagt.apps.cicd.arcus.soprasteria.com/repository/maven-public/org/springframework/spring-beans/6.1.11/spring-beans-6.1.11-sources.jar
2024-08-26 10:06:07,767 [Worker-21: Download sources and javadoc] INFO  o.e.m.j.internal.DownloadSourcesJob - Downloaded sources for org.springframework:spring-beans:6.1.11
2024-08-26 10:06:09,647 [Worker-21: Download sources and javadoc] INFO  o.e.m.c.i.e.AbstractTransferListenerAdapter - Downloading https://nexus3-aprr-sagt.apps.cicd.arcus.soprasteria.com/repository/maven-public/org/slf4j/slf4j-api/2.0.13/slf4j-api-2.0.13-sources.jar
2024-08-26 10:06:11,001 [Worker-21: Download sources and javadoc] INFO  o.e.m.c.i.e.AbstractTransferListenerAdapter - Downloaded https://nexus3-aprr-sagt.apps.cicd.arcus.soprasteria.com/repository/maven-public/org/slf4j/slf4j-api/2.0.13/slf4j-api-2.0.13-sources.jar
2024-08-26 10:06:11,006 [Worker-21: Download sources and javadoc] INFO  o.e.m.j.internal.DownloadSourcesJob - Downloaded sources for org.slf4j:slf4j-api:2.0.13
2024-08-26 10:06:12,794 [Worker-21: Download sources and javadoc] INFO  o.e.m.c.i.e.AbstractTransferListenerAdapter - Downloading https://nexus3-aprr-sagt.apps.cicd.arcus.soprasteria.com/repository/maven-public/org/springframework/spring-aspects/6.1.11/spring-aspects-6.1.11-sources.jar
2024-08-26 10:06:13,924 [Worker-21: Download sources and javadoc] INFO  o.e.m.c.i.e.AbstractTransferListenerAdapter - Downloaded https://nexus3-aprr-sagt.apps.cicd.arcus.soprasteria.com/repository/maven-public/org/springframework/spring-aspects/6.1.11/spring-aspects-6.1.11-sources.jar
2024-08-26 10:06:13,930 [Worker-21: Download sources and javadoc] INFO  o.e.m.j.internal.DownloadSourcesJob - Downloaded sources for org.springframework:spring-aspects:6.1.11
2024-08-26 10:06:15,817 [Worker-21: Download sources and javadoc] INFO  o.e.m.c.i.e.AbstractTransferListenerAdapter - Downloading https://nexus3-aprr-sagt.apps.cicd.arcus.soprasteria.com/repository/maven-public/org/springframework/boot/spring-boot-starter-data-mongodb/3.3.2/spring-boot-starter-data-mongodb-3.3.2-sources.jar
2024-08-26 10:06:16,926 [Worker-21: Download sources and javadoc] INFO  o.e.m.c.i.e.AbstractTransferListenerAdapter - Downloaded https://nexus3-aprr-sagt.apps.cicd.arcus.soprasteria.com/repository/maven-public/org/springframework/boot/spring-boot-starter-data-mongodb/3.3.2/spring-boot-starter-data-mongodb-3.3.2-sources.jar
2024-08-26 10:06:16,932 [Worker-21: Download sources and javadoc] INFO  o.e.m.j.internal.DownloadSourcesJob - Downloaded sources for org.springframework.boot:spring-boot-starter-data-mongodb:3.3.2
2024-08-26 10:06:18,576 [Worker-21: Download sources and javadoc] INFO  o.e.m.c.i.e.AbstractTransferListenerAdapter - Downloading https://nexus3-aprr-sagt.apps.cicd.arcus.soprasteria.com/repository/maven-public/org/springframework/boot/spring-boot-starter/3.3.2/spring-boot-starter-3.3.2-sources.jar
2024-08-26 10:06:19,678 [Worker-21: Download sources and javadoc] INFO  o.e.m.c.i.e.AbstractTransferListenerAdapter - Downloaded https://nexus3-aprr-sagt.apps.cicd.arcus.soprasteria.com/repository/maven-public/org/springframework/boot/spring-boot-starter/3.3.2/spring-boot-starter-3.3.2-sources.jar
2024-08-26 10:06:19,683 [Worker-21: Download sources and javadoc] INFO  o.e.m.j.internal.DownloadSourcesJob - Downloaded sources for org.springframework.boot:spring-boot-starter:3.3.2
2024-08-26 10:06:21,540 [Worker-21: Download sources and javadoc] INFO  o.e.m.c.i.e.AbstractTransferListenerAdapter - Downloading https://nexus3-aprr-sagt.apps.cicd.arcus.soprasteria.com/repository/maven-public/org/springframework/boot/spring-boot-starter-logging/3.3.2/spring-boot-starter-logging-3.3.2-sources.jar
2024-08-26 10:06:23,200 [Worker-21: Download sources and javadoc] INFO  o.e.m.c.i.e.AbstractTransferListenerAdapter - Downloaded https://nexus3-aprr-sagt.apps.cicd.arcus.soprasteria.com/repository/maven-public/org/springframework/boot/spring-boot-starter-logging/3.3.2/spring-boot-starter-logging-3.3.2-sources.jar
2024-08-26 10:06:23,206 [Worker-21: Download sources and javadoc] INFO  o.e.m.j.internal.DownloadSourcesJob - Downloaded sources for org.springframework.boot:spring-boot-starter-logging:3.3.2
2024-08-26 10:06:25,042 [Worker-21: Download sources and javadoc] INFO  o.e.m.c.i.e.AbstractTransferListenerAdapter - Downloading https://nexus3-aprr-sagt.apps.cicd.arcus.soprasteria.com/repository/maven-public/ch/qos/logback/logback-classic/1.5.6/logback-classic-1.5.6-sources.jar
2024-08-26 10:06:26,800 [Worker-21: Download sources and javadoc] INFO  o.e.m.c.i.e.AbstractTransferListenerAdapter - Downloaded https://nexus3-aprr-sagt.apps.cicd.arcus.soprasteria.com/repository/maven-public/ch/qos/logback/logback-classic/1.5.6/logback-classic-1.5.6-sources.jar
2024-08-26 10:06:26,806 [Worker-21: Download sources and javadoc] INFO  o.e.m.j.internal.DownloadSourcesJob - Downloaded sources for ch.qos.logback:logback-classic:1.5.6
2024-08-26 10:06:28,663 [Worker-21: Download sources and javadoc] INFO  o.e.m.c.i.e.AbstractTransferListenerAdapter - Downloading https://nexus3-aprr-sagt.apps.cicd.arcus.soprasteria.com/repository/maven-public/ch/qos/logback/logback-core/1.5.6/logback-core-1.5.6-sources.jar
2024-08-26 10:06:30,915 [Worker-21: Download sources and javadoc] INFO  o.e.m.c.i.e.AbstractTransferListenerAdapter - Downloaded https://nexus3-aprr-sagt.apps.cicd.arcus.soprasteria.com/repository/maven-public/ch/qos/logback/logback-core/1.5.6/logback-core-1.5.6-sources.jar
2024-08-26 10:06:30,921 [Worker-21: Download sources and javadoc] INFO  o.e.m.j.internal.DownloadSourcesJob - Downloaded sources for ch.qos.logback:logback-core:1.5.6
2024-08-26 10:06:32,802 [Worker-21: Download sources and javadoc] INFO  o.e.m.c.i.e.AbstractTransferListenerAdapter - Downloading https://nexus3-aprr-sagt.apps.cicd.arcus.soprasteria.com/repository/maven-public/org/apache/logging/log4j/log4j-to-slf4j/2.23.1/log4j-to-slf4j-2.23.1-sources.jar
2024-08-26 10:06:33,932 [Worker-21: Download sources and javadoc] INFO  o.e.m.c.i.e.AbstractTransferListenerAdapter - Downloaded https://nexus3-aprr-sagt.apps.cicd.arcus.soprasteria.com/repository/maven-public/org/apache/logging/log4j/log4j-to-slf4j/2.23.1/log4j-to-slf4j-2.23.1-sources.jar
2024-08-26 10:06:33,937 [Worker-21: Download sources and javadoc] INFO  o.e.m.j.internal.DownloadSourcesJob - Downloaded sources for org.apache.logging.log4j:log4j-to-slf4j:2.23.1
2024-08-26 10:06:35,716 [Worker-21: Download sources and javadoc] INFO  o.e.m.c.i.e.AbstractTransferListenerAdapter - Downloading https://nexus3-aprr-sagt.apps.cicd.arcus.soprasteria.com/repository/maven-public/org/apache/logging/log4j/log4j-api/2.23.1/log4j-api-2.23.1-sources.jar
2024-08-26 10:06:37,533 [Worker-21: Download sources and javadoc] INFO  o.e.m.c.i.e.AbstractTransferListenerAdapter - Downloaded https://nexus3-aprr-sagt.apps.cicd.arcus.soprasteria.com/repository/maven-public/org/apache/logging/log4j/log4j-api/2.23.1/log4j-api-2.23.1-sources.jar
2024-08-26 10:06:37,538 [Worker-21: Download sources and javadoc] INFO  o.e.m.j.internal.DownloadSourcesJob - Downloaded sources for org.apache.logging.log4j:log4j-api:2.23.1
2024-08-26 10:06:39,156 [Worker-21: Download sources and javadoc] INFO  o.e.m.c.i.e.AbstractTransferListenerAdapter - Downloading https://nexus3-aprr-sagt.apps.cicd.arcus.soprasteria.com/repository/maven-public/org/slf4j/jul-to-slf4j/2.0.13/jul-to-slf4j-2.0.13-sources.jar
2024-08-26 10:06:40,227 [Worker-21: Download sources and javadoc] INFO  o.e.m.c.i.e.AbstractTransferListenerAdapter - Downloaded https://nexus3-aprr-sagt.apps.cicd.arcus.soprasteria.com/repository/maven-public/org/slf4j/jul-to-slf4j/2.0.13/jul-to-slf4j-2.0.13-sources.jar
2024-08-26 10:06:40,241 [Worker-21: Download sources and javadoc] INFO  o.e.m.j.internal.DownloadSourcesJob - Downloaded sources for org.slf4j:jul-to-slf4j:2.0.13
2024-08-26 10:06:42,049 [Worker-21: Download sources and javadoc] INFO  o.e.m.c.i.e.AbstractTransferListenerAdapter - Downloading https://nexus3-aprr-sagt.apps.cicd.arcus.soprasteria.com/repository/maven-public/org/mongodb/mongodb-driver-sync/5.0.1/mongodb-driver-sync-5.0.1-sources.jar
2024-08-26 10:06:43,501 [Worker-21: Download sources and javadoc] INFO  o.e.m.c.i.e.AbstractTransferListenerAdapter - Downloaded https://nexus3-aprr-sagt.apps.cicd.arcus.soprasteria.com/repository/maven-public/org/mongodb/mongodb-driver-sync/5.0.1/mongodb-driver-sync-5.0.1-sources.jar
2024-08-26 10:06:43,514 [Worker-21: Download sources and javadoc] INFO  o.e.m.j.internal.DownloadSourcesJob - Downloaded sources for org.mongodb:mongodb-driver-sync:5.0.1
2024-08-26 10:06:45,319 [Worker-21: Download sources and javadoc] INFO  o.e.m.c.i.e.AbstractTransferListenerAdapter - Downloading https://nexus3-aprr-sagt.apps.cicd.arcus.soprasteria.com/repository/maven-public/org/mongodb/bson/5.0.1/bson-5.0.1-sources.jar
2024-08-26 10:06:47,603 [Worker-21: Download sources and javadoc] INFO  o.e.m.c.i.e.AbstractTransferListenerAdapter - Downloaded https://nexus3-aprr-sagt.apps.cicd.arcus.soprasteria.com/repository/maven-public/org/mongodb/bson/5.0.1/bson-5.0.1-sources.jar
2024-08-26 10:06:47,612 [Worker-21: Download sources and javadoc] INFO  o.e.m.j.internal.DownloadSourcesJob - Downloaded sources for org.mongodb:bson:5.0.1
2024-08-26 10:06:51,285 [Worker-21: Download sources and javadoc] INFO  o.e.m.c.i.e.AbstractTransferListenerAdapter - Downloading https://nexus3-aprr-sagt.apps.cicd.arcus.soprasteria.com/repository/maven-public/org/mongodb/mongodb-driver-core/5.0.1/mongodb-driver-core-5.0.1-sources.jar
2024-08-26 10:06:54,528 [Worker-21: Download sources and javadoc] INFO  o.e.m.c.i.e.AbstractTransferListenerAdapter - Downloaded https://nexus3-aprr-sagt.apps.cicd.arcus.soprasteria.com/repository/maven-public/org/mongodb/mongodb-driver-core/5.0.1/mongodb-driver-core-5.0.1-sources.jar
2024-08-26 10:06:54,534 [Worker-21: Download sources and javadoc] INFO  o.e.m.j.internal.DownloadSourcesJob - Downloaded sources for org.mongodb:mongodb-driver-core:5.0.1
2024-08-26 10:06:56,239 [Worker-21: Download sources and javadoc] INFO  o.e.m.c.i.e.AbstractTransferListenerAdapter - Downloading https://nexus3-aprr-sagt.apps.cicd.arcus.soprasteria.com/repository/maven-public/org/mongodb/bson-record-codec/5.0.1/bson-record-codec-5.0.1-sources.jar
2024-08-26 10:06:57,327 [Worker-21: Download sources and javadoc] INFO  o.e.m.c.i.e.AbstractTransferListenerAdapter - Downloaded https://nexus3-aprr-sagt.apps.cicd.arcus.soprasteria.com/repository/maven-public/org/mongodb/bson-record-codec/5.0.1/bson-record-codec-5.0.1-sources.jar
2024-08-26 10:06:57,333 [Worker-21: Download sources and javadoc] INFO  o.e.m.j.internal.DownloadSourcesJob - Downloaded sources for org.mongodb:bson-record-codec:5.0.1
2024-08-26 10:06:59,138 [Worker-21: Download sources and javadoc] INFO  o.e.m.c.i.e.AbstractTransferListenerAdapter - Downloading https://nexus3-aprr-sagt.apps.cicd.arcus.soprasteria.com/repository/maven-public/org/springframework/data/spring-data-mongodb/4.3.2/spring-data-mongodb-4.3.2-sources.jar
2024-08-26 10:07:01,888 [Worker-21: Download sources and javadoc] INFO  o.e.m.c.i.e.AbstractTransferListenerAdapter - Downloaded https://nexus3-aprr-sagt.apps.cicd.arcus.soprasteria.com/repository/maven-public/org/springframework/data/spring-data-mongodb/4.3.2/spring-data-mongodb-4.3.2-sources.jar
2024-08-26 10:07:01,894 [Worker-21: Download sources and javadoc] INFO  o.e.m.j.internal.DownloadSourcesJob - Downloaded sources for org.springframework.data:spring-data-mongodb:4.3.2
2024-08-26 10:07:03,720 [Worker-21: Download sources and javadoc] INFO  o.e.m.c.i.e.AbstractTransferListenerAdapter - Downloading https://nexus3-aprr-sagt.apps.cicd.arcus.soprasteria.com/repository/maven-public/org/springframework/spring-expression/6.1.11/spring-expression-6.1.11-sources.jar
2024-08-26 10:07:05,329 [Worker-21: Download sources and javadoc] INFO  o.e.m.c.i.e.AbstractTransferListenerAdapter - Downloaded https://nexus3-aprr-sagt.apps.cicd.arcus.soprasteria.com/repository/maven-public/org/springframework/spring-expression/6.1.11/spring-expression-6.1.11-sources.jar
2024-08-26 10:07:05,333 [Worker-21: Download sources and javadoc] INFO  o.e.m.j.internal.DownloadSourcesJob - Downloaded sources for org.springframework:spring-expression:6.1.11
2024-08-26 10:07:06,971 [Worker-21: Download sources and javadoc] INFO  o.e.m.c.i.e.AbstractTransferListenerAdapter - Downloading https://nexus3-aprr-sagt.apps.cicd.arcus.soprasteria.com/repository/maven-public/org/springframework/boot/spring-boot-starter-test/3.3.2/spring-boot-starter-test-3.3.2-sources.jar
2024-08-26 10:07:08,057 [Worker-21: Download sources and javadoc] INFO  o.e.m.c.i.e.AbstractTransferListenerAdapter - Downloaded https://nexus3-aprr-sagt.apps.cicd.arcus.soprasteria.com/repository/maven-public/org/springframework/boot/spring-boot-starter-test/3.3.2/spring-boot-starter-test-3.3.2-sources.jar
2024-08-26 10:07:08,062 [Worker-21: Download sources and javadoc] INFO  o.e.m.j.internal.DownloadSourcesJob - Downloaded sources for org.springframework.boot:spring-boot-starter-test:3.3.2
2024-08-26 10:07:09,881 [Worker-21: Download sources and javadoc] INFO  o.e.m.c.i.e.AbstractTransferListenerAdapter - Downloading https://nexus3-aprr-sagt.apps.cicd.arcus.soprasteria.com/repository/maven-public/org/springframework/boot/spring-boot-test/3.3.2/spring-boot-test-3.3.2-sources.jar
2024-08-26 10:07:11,316 [Worker-21: Download sources and javadoc] INFO  o.e.m.c.i.e.AbstractTransferListenerAdapter - Downloaded https://nexus3-aprr-sagt.apps.cicd.arcus.soprasteria.com/repository/maven-public/org/springframework/boot/spring-boot-test/3.3.2/spring-boot-test-3.3.2-sources.jar
2024-08-26 10:07:11,321 [Worker-21: Download sources and javadoc] INFO  o.e.m.j.internal.DownloadSourcesJob - Downloaded sources for org.springframework.boot:spring-boot-test:3.3.2
2024-08-26 10:07:13,185 [Worker-21: Download sources and javadoc] INFO  o.e.m.c.i.e.AbstractTransferListenerAdapter - Downloading https://nexus3-aprr-sagt.apps.cicd.arcus.soprasteria.com/repository/maven-public/org/springframework/boot/spring-boot-test-autoconfigure/3.3.2/spring-boot-test-autoconfigure-3.3.2-sources.jar
2024-08-26 10:07:14,787 [Worker-21: Download sources and javadoc] INFO  o.e.m.c.i.e.AbstractTransferListenerAdapter - Downloaded https://nexus3-aprr-sagt.apps.cicd.arcus.soprasteria.com/repository/maven-public/org/springframework/boot/spring-boot-test-autoconfigure/3.3.2/spring-boot-test-autoconfigure-3.3.2-sources.jar
2024-08-26 10:07:14,791 [Worker-21: Download sources and javadoc] INFO  o.e.m.j.internal.DownloadSourcesJob - Downloaded sources for org.springframework.boot:spring-boot-test-autoconfigure:3.3.2
2024-08-26 10:07:16,686 [Worker-21: Download sources and javadoc] INFO  o.e.m.c.i.e.AbstractTransferListenerAdapter - Downloading https://nexus3-aprr-sagt.apps.cicd.arcus.soprasteria.com/repository/maven-public/com/jayway/jsonpath/json-path/2.9.0/json-path-2.9.0-sources.jar
2024-08-26 10:07:18,511 [Worker-21: Download sources and javadoc] INFO  o.e.m.c.i.e.AbstractTransferListenerAdapter - Downloaded https://nexus3-aprr-sagt.apps.cicd.arcus.soprasteria.com/repository/maven-public/com/jayway/jsonpath/json-path/2.9.0/json-path-2.9.0-sources.jar
2024-08-26 10:07:18,517 [Worker-21: Download sources and javadoc] INFO  o.e.m.j.internal.DownloadSourcesJob - Downloaded sources for com.jayway.jsonpath:json-path:2.9.0
2024-08-26 10:07:20,309 [Worker-21: Download sources and javadoc] INFO  o.e.m.c.i.e.AbstractTransferListenerAdapter - Downloading https://nexus3-aprr-sagt.apps.cicd.arcus.soprasteria.com/repository/maven-public/jakarta/xml/bind/jakarta.xml.bind-api/4.0.2/jakarta.xml.bind-api-4.0.2-sources.jar
2024-08-26 10:07:21,919 [Worker-21: Download sources and javadoc] INFO  o.e.m.c.i.e.AbstractTransferListenerAdapter - Downloaded https://nexus3-aprr-sagt.apps.cicd.arcus.soprasteria.com/repository/maven-public/jakarta/xml/bind/jakarta.xml.bind-api/4.0.2/jakarta.xml.bind-api-4.0.2-sources.jar
2024-08-26 10:07:21,928 [Worker-21: Download sources and javadoc] INFO  o.e.m.j.internal.DownloadSourcesJob - Downloaded sources for jakarta.xml.bind:jakarta.xml.bind-api:4.0.2
2024-08-26 10:07:23,689 [Worker-21: Download sources and javadoc] INFO  o.e.m.c.i.e.AbstractTransferListenerAdapter - Downloading https://nexus3-aprr-sagt.apps.cicd.arcus.soprasteria.com/repository/maven-public/jakarta/activation/jakarta.activation-api/2.1.3/jakarta.activation-api-2.1.3-sources.jar
2024-08-26 10:07:24,951 [Worker-21: Download sources and javadoc] INFO  o.e.m.c.i.e.AbstractTransferListenerAdapter - Downloaded https://nexus3-aprr-sagt.apps.cicd.arcus.soprasteria.com/repository/maven-public/jakarta/activation/jakarta.activation-api/2.1.3/jakarta.activation-api-2.1.3-sources.jar
2024-08-26 10:07:24,961 [Worker-21: Download sources and javadoc] INFO  o.e.m.j.internal.DownloadSourcesJob - Downloaded sources for jakarta.activation:jakarta.activation-api:2.1.3
2024-08-26 10:07:26,767 [Worker-21: Download sources and javadoc] INFO  o.e.m.c.i.e.AbstractTransferListenerAdapter - Downloading https://nexus3-aprr-sagt.apps.cicd.arcus.soprasteria.com/repository/maven-public/net/minidev/json-smart/2.5.1/json-smart-2.5.1-sources.jar
2024-08-26 10:07:28,127 [Worker-21: Download sources and javadoc] INFO  o.e.m.c.i.e.AbstractTransferListenerAdapter - Downloaded https://nexus3-aprr-sagt.apps.cicd.arcus.soprasteria.com/repository/maven-public/net/minidev/json-smart/2.5.1/json-smart-2.5.1-sources.jar
2024-08-26 10:07:28,133 [Worker-21: Download sources and javadoc] INFO  o.e.m.j.internal.DownloadSourcesJob - Downloaded sources for net.minidev:json-smart:2.5.1
2024-08-26 10:07:29,929 [Worker-21: Download sources and javadoc] INFO  o.e.m.c.i.e.AbstractTransferListenerAdapter - Downloading https://nexus3-aprr-sagt.apps.cicd.arcus.soprasteria.com/repository/maven-public/net/minidev/accessors-smart/2.5.1/accessors-smart-2.5.1-sources.jar
2024-08-26 10:07:31,049 [Worker-21: Download sources and javadoc] INFO  o.e.m.c.i.e.AbstractTransferListenerAdapter - Downloaded https://nexus3-aprr-sagt.apps.cicd.arcus.soprasteria.com/repository/maven-public/net/minidev/accessors-smart/2.5.1/accessors-smart-2.5.1-sources.jar
2024-08-26 10:07:31,055 [Worker-21: Download sources and javadoc] INFO  o.e.m.j.internal.DownloadSourcesJob - Downloaded sources for net.minidev:accessors-smart:2.5.1
2024-08-26 10:07:32,827 [Worker-21: Download sources and javadoc] INFO  o.e.m.c.i.e.AbstractTransferListenerAdapter - Downloading https://nexus3-aprr-sagt.apps.cicd.arcus.soprasteria.com/repository/maven-public/org/ow2/asm/asm/9.6/asm-9.6-sources.jar
2024-08-26 10:07:34,246 [Worker-21: Download sources and javadoc] INFO  o.e.m.c.i.e.AbstractTransferListenerAdapter - Downloaded https://nexus3-aprr-sagt.apps.cicd.arcus.soprasteria.com/repository/maven-public/org/ow2/asm/asm/9.6/asm-9.6-sources.jar
2024-08-26 10:07:34,252 [Worker-21: Download sources and javadoc] INFO  o.e.m.j.internal.DownloadSourcesJob - Downloaded sources for org.ow2.asm:asm:9.6
2024-08-26 10:07:36,006 [Worker-21: Download sources and javadoc] INFO  o.e.m.c.i.e.AbstractTransferListenerAdapter - Downloading https://nexus3-aprr-sagt.apps.cicd.arcus.soprasteria.com/repository/maven-public/org/assertj/assertj-core/3.25.3/assertj-core-3.25.3-sources.jar
2024-08-26 10:07:38,544 [Worker-21: Download sources and javadoc] INFO  o.e.m.c.i.e.AbstractTransferListenerAdapter - Downloaded https://nexus3-aprr-sagt.apps.cicd.arcus.soprasteria.com/repository/maven-public/org/assertj/assertj-core/3.25.3/assertj-core-3.25.3-sources.jar
2024-08-26 10:07:38,554 [Worker-21: Download sources and javadoc] INFO  o.e.m.j.internal.DownloadSourcesJob - Downloaded sources for org.assertj:assertj-core:3.25.3
2024-08-26 10:07:40,390 [Worker-21: Download sources and javadoc] INFO  o.e.m.c.i.e.AbstractTransferListenerAdapter - Downloading https://nexus3-aprr-sagt.apps.cicd.arcus.soprasteria.com/repository/maven-public/org/awaitility/awaitility/4.2.1/awaitility-4.2.1-sources.jar
2024-08-26 10:07:41,694 [Worker-21: Download sources and javadoc] INFO  o.e.m.c.i.e.AbstractTransferListenerAdapter - Downloaded https://nexus3-aprr-sagt.apps.cicd.arcus.soprasteria.com/repository/maven-public/org/awaitility/awaitility/4.2.1/awaitility-4.2.1-sources.jar
2024-08-26 10:07:41,699 [Worker-21: Download sources and javadoc] INFO  o.e.m.j.internal.DownloadSourcesJob - Downloaded sources for org.awaitility:awaitility:4.2.1
2024-08-26 10:07:43,319 [Worker-21: Download sources and javadoc] INFO  o.e.m.c.i.e.AbstractTransferListenerAdapter - Downloading https://nexus3-aprr-sagt.apps.cicd.arcus.soprasteria.com/repository/maven-public/org/junit/jupiter/junit-jupiter/5.10.3/junit-jupiter-5.10.3-sources.jar
2024-08-26 10:07:44,406 [Worker-21: Download sources and javadoc] INFO  o.e.m.c.i.e.AbstractTransferListenerAdapter - Downloaded https://nexus3-aprr-sagt.apps.cicd.arcus.soprasteria.com/repository/maven-public/org/junit/jupiter/junit-jupiter/5.10.3/junit-jupiter-5.10.3-sources.jar
2024-08-26 10:07:44,412 [Worker-21: Download sources and javadoc] INFO  o.e.m.j.internal.DownloadSourcesJob - Downloaded sources for org.junit.jupiter:junit-jupiter:5.10.3
2024-08-26 10:07:46,331 [Worker-21: Download sources and javadoc] INFO  o.e.m.c.i.e.AbstractTransferListenerAdapter - Downloading https://nexus3-aprr-sagt.apps.cicd.arcus.soprasteria.com/repository/maven-public/org/junit/jupiter/junit-jupiter-api/5.10.3/junit-jupiter-api-5.10.3-sources.jar
2024-08-26 10:07:48,010 [Worker-21: Download sources and javadoc] INFO  o.e.m.c.i.e.AbstractTransferListenerAdapter - Downloaded https://nexus3-aprr-sagt.apps.cicd.arcus.soprasteria.com/repository/maven-public/org/junit/jupiter/junit-jupiter-api/5.10.3/junit-jupiter-api-5.10.3-sources.jar
2024-08-26 10:07:48,016 [Worker-21: Download sources and javadoc] INFO  o.e.m.j.internal.DownloadSourcesJob - Downloaded sources for org.junit.jupiter:junit-jupiter-api:5.10.3
2024-08-26 10:07:50,162 [Worker-21: Download sources and javadoc] INFO  o.e.m.c.i.e.AbstractTransferListenerAdapter - Downloading https://nexus3-aprr-sagt.apps.cicd.arcus.soprasteria.com/repository/maven-public/org/junit/platform/junit-platform-commons/1.10.3/junit-platform-commons-1.10.3-sources.jar
2024-08-26 10:07:51,480 [Worker-21: Download sources and javadoc] INFO  o.e.m.c.i.e.AbstractTransferListenerAdapter - Downloaded https://nexus3-aprr-sagt.apps.cicd.arcus.soprasteria.com/repository/maven-public/org/junit/platform/junit-platform-commons/1.10.3/junit-platform-commons-1.10.3-sources.jar
2024-08-26 10:07:51,485 [Worker-21: Download sources and javadoc] INFO  o.e.m.j.internal.DownloadSourcesJob - Downloaded sources for org.junit.platform:junit-platform-commons:1.10.3
2024-08-26 10:07:53,243 [Worker-21: Download sources and javadoc] INFO  o.e.m.c.i.e.AbstractTransferListenerAdapter - Downloading https://nexus3-aprr-sagt.apps.cicd.arcus.soprasteria.com/repository/maven-public/org/junit/jupiter/junit-jupiter-params/5.10.3/junit-jupiter-params-5.10.3-sources.jar
2024-08-26 10:07:54,525 [Worker-21: Download sources and javadoc] INFO  o.e.m.c.i.e.AbstractTransferListenerAdapter - Downloaded https://nexus3-aprr-sagt.apps.cicd.arcus.soprasteria.com/repository/maven-public/org/junit/jupiter/junit-jupiter-params/5.10.3/junit-jupiter-params-5.10.3-sources.jar
2024-08-26 10:07:54,530 [Worker-21: Download sources and javadoc] INFO  o.e.m.j.internal.DownloadSourcesJob - Downloaded sources for org.junit.jupiter:junit-jupiter-params:5.10.3
2024-08-26 10:07:56,513 [Worker-21: Download sources and javadoc] INFO  o.e.m.c.i.e.AbstractTransferListenerAdapter - Downloading https://nexus3-aprr-sagt.apps.cicd.arcus.soprasteria.com/repository/maven-public/org/junit/jupiter/junit-jupiter-engine/5.10.3/junit-jupiter-engine-5.10.3-sources.jar
2024-08-26 10:07:57,934 [Worker-21: Download sources and javadoc] INFO  o.e.m.c.i.e.AbstractTransferListenerAdapter - Downloaded https://nexus3-aprr-sagt.apps.cicd.arcus.soprasteria.com/repository/maven-public/org/junit/jupiter/junit-jupiter-engine/5.10.3/junit-jupiter-engine-5.10.3-sources.jar
2024-08-26 10:07:57,939 [Worker-21: Download sources and javadoc] INFO  o.e.m.j.internal.DownloadSourcesJob - Downloaded sources for org.junit.jupiter:junit-jupiter-engine:5.10.3
2024-08-26 10:07:59,681 [Worker-21: Download sources and javadoc] INFO  o.e.m.c.i.e.AbstractTransferListenerAdapter - Downloading https://nexus3-aprr-sagt.apps.cicd.arcus.soprasteria.com/repository/maven-public/org/junit/platform/junit-platform-engine/1.10.3/junit-platform-engine-1.10.3-sources.jar
2024-08-26 10:08:01,149 [Worker-21: Download sources and javadoc] INFO  o.e.m.c.i.e.AbstractTransferListenerAdapter - Downloaded https://nexus3-aprr-sagt.apps.cicd.arcus.soprasteria.com/repository/maven-public/org/junit/platform/junit-platform-engine/1.10.3/junit-platform-engine-1.10.3-sources.jar
2024-08-26 10:08:01,154 [Worker-21: Download sources and javadoc] INFO  o.e.m.j.internal.DownloadSourcesJob - Downloaded sources for org.junit.platform:junit-platform-engine:1.10.3
2024-08-26 10:08:02,964 [Worker-21: Download sources and javadoc] INFO  o.e.m.c.i.e.AbstractTransferListenerAdapter - Downloading https://nexus3-aprr-sagt.apps.cicd.arcus.soprasteria.com/repository/maven-public/org/mockito/mockito-core/5.11.0/mockito-core-5.11.0-sources.jar
2024-08-26 10:08:04,889 [Worker-21: Download sources and javadoc] INFO  o.e.m.c.i.e.AbstractTransferListenerAdapter - Downloaded https://nexus3-aprr-sagt.apps.cicd.arcus.soprasteria.com/repository/maven-public/org/mockito/mockito-core/5.11.0/mockito-core-5.11.0-sources.jar
2024-08-26 10:08:04,895 [Worker-21: Download sources and javadoc] INFO  o.e.m.j.internal.DownloadSourcesJob - Downloaded sources for org.mockito:mockito-core:5.11.0
2024-08-26 10:08:06,671 [Worker-21: Download sources and javadoc] INFO  o.e.m.c.i.e.AbstractTransferListenerAdapter - Downloading https://nexus3-aprr-sagt.apps.cicd.arcus.soprasteria.com/repository/maven-public/net/bytebuddy/byte-buddy-agent/1.14.18/byte-buddy-agent-1.14.18-sources.jar
2024-08-26 10:08:08,151 [Worker-21: Download sources and javadoc] INFO  o.e.m.c.i.e.AbstractTransferListenerAdapter - Downloaded https://nexus3-aprr-sagt.apps.cicd.arcus.soprasteria.com/repository/maven-public/net/bytebuddy/byte-buddy-agent/1.14.18/byte-buddy-agent-1.14.18-sources.jar
2024-08-26 10:08:08,155 [Worker-21: Download sources and javadoc] INFO  o.e.m.j.internal.DownloadSourcesJob - Downloaded sources for net.bytebuddy:byte-buddy-agent:1.14.18
2024-08-26 10:08:09,760 [Worker-21: Download sources and javadoc] INFO  o.e.m.c.i.e.AbstractTransferListenerAdapter - Downloading https://nexus3-aprr-sagt.apps.cicd.arcus.soprasteria.com/repository/maven-public/org/mockito/mockito-junit-jupiter/5.11.0/mockito-junit-jupiter-5.11.0-sources.jar
2024-08-26 10:08:10,851 [Worker-21: Download sources and javadoc] INFO  o.e.m.c.i.e.AbstractTransferListenerAdapter - Downloaded https://nexus3-aprr-sagt.apps.cicd.arcus.soprasteria.com/repository/maven-public/org/mockito/mockito-junit-jupiter/5.11.0/mockito-junit-jupiter-5.11.0-sources.jar
2024-08-26 10:08:10,858 [Worker-21: Download sources and javadoc] INFO  o.e.m.j.internal.DownloadSourcesJob - Downloaded sources for org.mockito:mockito-junit-jupiter:5.11.0
2024-08-26 10:08:12,710 [Worker-21: Download sources and javadoc] INFO  o.e.m.c.i.e.AbstractTransferListenerAdapter - Downloading https://nexus3-aprr-sagt.apps.cicd.arcus.soprasteria.com/repository/maven-public/org/skyscreamer/jsonassert/1.5.3/jsonassert-1.5.3-sources.jar
2024-08-26 10:08:13,866 [Worker-21: Download sources and javadoc] INFO  o.e.m.c.i.e.AbstractTransferListenerAdapter - Downloaded https://nexus3-aprr-sagt.apps.cicd.arcus.soprasteria.com/repository/maven-public/org/skyscreamer/jsonassert/1.5.3/jsonassert-1.5.3-sources.jar
2024-08-26 10:08:13,873 [Worker-21: Download sources and javadoc] INFO  o.e.m.j.internal.DownloadSourcesJob - Downloaded sources for org.skyscreamer:jsonassert:1.5.3
2024-08-26 10:08:15,737 [Worker-21: Download sources and javadoc] INFO  o.e.m.c.i.e.AbstractTransferListenerAdapter - Downloading https://nexus3-aprr-sagt.apps.cicd.arcus.soprasteria.com/repository/maven-public/org/springframework/spring-core/6.1.11/spring-core-6.1.11-sources.jar
2024-08-26 10:08:18,302 [Worker-21: Download sources and javadoc] INFO  o.e.m.c.i.e.AbstractTransferListenerAdapter - Downloaded https://nexus3-aprr-sagt.apps.cicd.arcus.soprasteria.com/repository/maven-public/org/springframework/spring-core/6.1.11/spring-core-6.1.11-sources.jar
2024-08-26 10:08:18,308 [Worker-21: Download sources and javadoc] INFO  o.e.m.j.internal.DownloadSourcesJob - Downloaded sources for org.springframework:spring-core:6.1.11
2024-08-26 10:08:20,130 [Worker-21: Download sources and javadoc] INFO  o.e.m.c.i.e.AbstractTransferListenerAdapter - Downloading https://nexus3-aprr-sagt.apps.cicd.arcus.soprasteria.com/repository/maven-public/org/springframework/spring-jcl/6.1.11/spring-jcl-6.1.11-sources.jar
2024-08-26 10:08:21,219 [Worker-21: Download sources and javadoc] INFO  o.e.m.c.i.e.AbstractTransferListenerAdapter - Downloaded https://nexus3-aprr-sagt.apps.cicd.arcus.soprasteria.com/repository/maven-public/org/springframework/spring-jcl/6.1.11/spring-jcl-6.1.11-sources.jar
2024-08-26 10:08:21,225 [Worker-21: Download sources and javadoc] INFO  o.e.m.j.internal.DownloadSourcesJob - Downloaded sources for org.springframework:spring-jcl:6.1.11
2024-08-26 10:08:23,076 [Worker-21: Download sources and javadoc] INFO  o.e.m.c.i.e.AbstractTransferListenerAdapter - Downloading https://nexus3-aprr-sagt.apps.cicd.arcus.soprasteria.com/repository/maven-public/org/springframework/spring-test/6.1.11/spring-test-6.1.11-sources.jar
2024-08-26 10:08:25,726 [Worker-21: Download sources and javadoc] INFO  o.e.m.c.i.e.AbstractTransferListenerAdapter - Downloaded https://nexus3-aprr-sagt.apps.cicd.arcus.soprasteria.com/repository/maven-public/org/springframework/spring-test/6.1.11/spring-test-6.1.11-sources.jar
2024-08-26 10:08:25,732 [Worker-21: Download sources and javadoc] INFO  o.e.m.j.internal.DownloadSourcesJob - Downloaded sources for org.springframework:spring-test:6.1.11
2024-08-26 10:08:27,831 [Worker-21: Download sources and javadoc] INFO  o.e.m.c.i.e.AbstractTransferListenerAdapter - Downloading https://nexus3-aprr-sagt.apps.cicd.arcus.soprasteria.com/repository/maven-public/org/postgresql/postgresql/42.7.3/postgresql-42.7.3-sources.jar
2024-08-26 10:08:30,119 [Worker-21: Download sources and javadoc] INFO  o.e.m.c.i.e.AbstractTransferListenerAdapter - Downloaded https://nexus3-aprr-sagt.apps.cicd.arcus.soprasteria.com/repository/maven-public/org/postgresql/postgresql/42.7.3/postgresql-42.7.3-sources.jar
2024-08-26 10:08:30,129 [Worker-21: Download sources and javadoc] INFO  o.e.m.j.internal.DownloadSourcesJob - Downloaded sources for org.postgresql:postgresql:42.7.3
2024-08-26 10:08:31,896 [Worker-21: Download sources and javadoc] INFO  o.e.m.c.i.e.AbstractTransferListenerAdapter - Downloading https://nexus3-aprr-sagt.apps.cicd.arcus.soprasteria.com/repository/maven-public/org/checkerframework/checker-qual/3.42.0/checker-qual-3.42.0-sources.jar
2024-08-26 10:08:33,643 [Worker-21: Download sources and javadoc] INFO  o.e.m.c.i.e.AbstractTransferListenerAdapter - Downloaded https://nexus3-aprr-sagt.apps.cicd.arcus.soprasteria.com/repository/maven-public/org/checkerframework/checker-qual/3.42.0/checker-qual-3.42.0-sources.jar
2024-08-26 10:08:33,649 [Worker-21: Download sources and javadoc] INFO  o.e.m.j.internal.DownloadSourcesJob - Downloaded sources for org.checkerframework:checker-qual:3.42.0
2024-08-26 10:08:35,408 [Worker-21: Download sources and javadoc] INFO  o.e.m.c.i.e.AbstractTransferListenerAdapter - Downloading https://nexus3-aprr-sagt.apps.cicd.arcus.soprasteria.com/repository/maven-public/org/openapitools/jackson-databind-nullable/0.2.6/jackson-databind-nullable-0.2.6-sources.jar
2024-08-26 10:08:36,491 [Worker-21: Download sources and javadoc] INFO  o.e.m.c.i.e.AbstractTransferListenerAdapter - Downloaded https://nexus3-aprr-sagt.apps.cicd.arcus.soprasteria.com/repository/maven-public/org/openapitools/jackson-databind-nullable/0.2.6/jackson-databind-nullable-0.2.6-sources.jar
2024-08-26 10:08:36,500 [Worker-21: Download sources and javadoc] INFO  o.e.m.j.internal.DownloadSourcesJob - Downloaded sources for org.openapitools:jackson-databind-nullable:0.2.6
2024-08-26 10:08:38,360 [Worker-21: Download sources and javadoc] INFO  o.e.m.c.i.e.AbstractTransferListenerAdapter - Downloading https://nexus3-aprr-sagt.apps.cicd.arcus.soprasteria.com/repository/maven-public/com/fasterxml/jackson/core/jackson-databind/2.17.2/jackson-databind-2.17.2-sources.jar
2024-08-26 10:08:41,011 [Worker-21: Download sources and javadoc] INFO  o.e.m.c.i.e.AbstractTransferListenerAdapter - Downloaded https://nexus3-aprr-sagt.apps.cicd.arcus.soprasteria.com/repository/maven-public/com/fasterxml/jackson/core/jackson-databind/2.17.2/jackson-databind-2.17.2-sources.jar
2024-08-26 10:08:41,019 [Worker-21: Download sources and javadoc] INFO  o.e.m.j.internal.DownloadSourcesJob - Downloaded sources for com.fasterxml.jackson.core:jackson-databind:2.17.2
2024-08-26 10:08:43,049 [Worker-21: Download sources and javadoc] INFO  o.e.m.c.i.e.AbstractTransferListenerAdapter - Downloading https://nexus3-aprr-sagt.apps.cicd.arcus.soprasteria.com/repository/maven-public/com/fasterxml/jackson/core/jackson-annotations/2.17.2/jackson-annotations-2.17.2-sources.jar
2024-08-26 10:08:44,643 [Worker-21: Download sources and javadoc] INFO  o.e.m.c.i.e.AbstractTransferListenerAdapter - Downloaded https://nexus3-aprr-sagt.apps.cicd.arcus.soprasteria.com/repository/maven-public/com/fasterxml/jackson/core/jackson-annotations/2.17.2/jackson-annotations-2.17.2-sources.jar
2024-08-26 10:08:44,664 [Worker-21: Download sources and javadoc] INFO  o.e.m.j.internal.DownloadSourcesJob - Downloaded sources for com.fasterxml.jackson.core:jackson-annotations:2.17.2
2024-08-26 10:08:47,011 [Worker-21: Download sources and javadoc] INFO  o.e.m.c.i.e.AbstractTransferListenerAdapter - Downloading https://nexus3-aprr-sagt.apps.cicd.arcus.soprasteria.com/repository/maven-public/com/fasterxml/jackson/core/jackson-core/2.17.2/jackson-core-2.17.2-sources.jar
2024-08-26 10:08:49,808 [Worker-21: Download sources and javadoc] INFO  o.e.m.c.i.e.AbstractTransferListenerAdapter - Downloaded https://nexus3-aprr-sagt.apps.cicd.arcus.soprasteria.com/repository/maven-public/com/fasterxml/jackson/core/jackson-core/2.17.2/jackson-core-2.17.2-sources.jar
2024-08-26 10:08:49,831 [Worker-21: Download sources and javadoc] INFO  o.e.m.j.internal.DownloadSourcesJob - Downloaded sources for com.fasterxml.jackson.core:jackson-core:2.17.2
2024-08-26 10:08:51,960 [Worker-21: Download sources and javadoc] INFO  o.e.m.c.i.e.AbstractTransferListenerAdapter - Downloading https://nexus3-aprr-sagt.apps.cicd.arcus.soprasteria.com/repository/maven-public/org/springdoc/springdoc-openapi-ui/1.8.0/springdoc-openapi-ui-1.8.0-sources.jar
2024-08-26 10:08:53,050 [Worker-21: Download sources and javadoc] INFO  o.e.m.c.i.e.AbstractTransferListenerAdapter - Downloaded https://nexus3-aprr-sagt.apps.cicd.arcus.soprasteria.com/repository/maven-public/org/springdoc/springdoc-openapi-ui/1.8.0/springdoc-openapi-ui-1.8.0-sources.jar
2024-08-26 10:08:53,057 [Worker-21: Download sources and javadoc] INFO  o.e.m.j.internal.DownloadSourcesJob - Downloaded sources for org.springdoc:springdoc-openapi-ui:1.8.0
2024-08-26 10:08:54,829 [Worker-21: Download sources and javadoc] INFO  o.e.m.c.i.e.AbstractTransferListenerAdapter - Downloading https://nexus3-aprr-sagt.apps.cicd.arcus.soprasteria.com/repository/maven-public/org/springdoc/springdoc-openapi-webmvc-core/1.8.0/springdoc-openapi-webmvc-core-1.8.0-sources.jar
2024-08-26 10:08:55,960 [Worker-21: Download sources and javadoc] INFO  o.e.m.c.i.e.AbstractTransferListenerAdapter - Downloaded https://nexus3-aprr-sagt.apps.cicd.arcus.soprasteria.com/repository/maven-public/org/springdoc/springdoc-openapi-webmvc-core/1.8.0/springdoc-openapi-webmvc-core-1.8.0-sources.jar
2024-08-26 10:08:55,967 [Worker-21: Download sources and javadoc] INFO  o.e.m.j.internal.DownloadSourcesJob - Downloaded sources for org.springdoc:springdoc-openapi-webmvc-core:1.8.0
2024-08-26 10:08:57,862 [Worker-21: Download sources and javadoc] INFO  o.e.m.c.i.e.AbstractTransferListenerAdapter - Downloading https://nexus3-aprr-sagt.apps.cicd.arcus.soprasteria.com/repository/maven-public/org/springdoc/springdoc-openapi-common/1.8.0/springdoc-openapi-common-1.8.0-sources.jar
2024-08-26 10:08:59,584 [Worker-21: Download sources and javadoc] INFO  o.e.m.c.i.e.AbstractTransferListenerAdapter - Downloaded https://nexus3-aprr-sagt.apps.cicd.arcus.soprasteria.com/repository/maven-public/org/springdoc/springdoc-openapi-common/1.8.0/springdoc-openapi-common-1.8.0-sources.jar
2024-08-26 10:08:59,590 [Worker-21: Download sources and javadoc] INFO  o.e.m.j.internal.DownloadSourcesJob - Downloaded sources for org.springdoc:springdoc-openapi-common:1.8.0
2024-08-26 10:09:01,480 [Worker-21: Download sources and javadoc] INFO  o.e.m.c.i.e.AbstractTransferListenerAdapter - Downloading https://nexus3-aprr-sagt.apps.cicd.arcus.soprasteria.com/repository/maven-public/io/swagger/core/v3/swagger-core/2.2.20/swagger-core-2.2.20-sources.jar
2024-08-26 10:09:02,960 [Worker-21: Download sources and javadoc] INFO  o.e.m.c.i.e.AbstractTransferListenerAdapter - Downloaded https://nexus3-aprr-sagt.apps.cicd.arcus.soprasteria.com/repository/maven-public/io/swagger/core/v3/swagger-core/2.2.20/swagger-core-2.2.20-sources.jar
2024-08-26 10:09:02,966 [Worker-21: Download sources and javadoc] INFO  o.e.m.j.internal.DownloadSourcesJob - Downloaded sources for io.swagger.core.v3:swagger-core:2.2.20
2024-08-26 10:09:04,850 [Worker-21: Download sources and javadoc] INFO  o.e.m.c.i.e.AbstractTransferListenerAdapter - Downloading https://nexus3-aprr-sagt.apps.cicd.arcus.soprasteria.com/repository/maven-public/org/apache/commons/commons-lang3/3.14.0/commons-lang3-3.14.0-sources.jar
2024-08-26 10:09:07,105 [Worker-21: Download sources and javadoc] INFO  o.e.m.c.i.e.AbstractTransferListenerAdapter - Downloaded https://nexus3-aprr-sagt.apps.cicd.arcus.soprasteria.com/repository/maven-public/org/apache/commons/commons-lang3/3.14.0/commons-lang3-3.14.0-sources.jar
2024-08-26 10:09:07,112 [Worker-21: Download sources and javadoc] INFO  o.e.m.j.internal.DownloadSourcesJob - Downloaded sources for org.apache.commons:commons-lang3:3.14.0
2024-08-26 10:09:09,023 [Worker-21: Download sources and javadoc] INFO  o.e.m.c.i.e.AbstractTransferListenerAdapter - Downloading https://nexus3-aprr-sagt.apps.cicd.arcus.soprasteria.com/repository/maven-public/com/fasterxml/jackson/dataformat/jackson-dataformat-yaml/2.17.2/jackson-dataformat-yaml-2.17.2-sources.jar
2024-08-26 10:09:10,331 [Worker-21: Download sources and javadoc] INFO  o.e.m.c.i.e.AbstractTransferListenerAdapter - Downloaded https://nexus3-aprr-sagt.apps.cicd.arcus.soprasteria.com/repository/maven-public/com/fasterxml/jackson/dataformat/jackson-dataformat-yaml/2.17.2/jackson-dataformat-yaml-2.17.2-sources.jar
2024-08-26 10:09:10,343 [Worker-21: Download sources and javadoc] INFO  o.e.m.j.internal.DownloadSourcesJob - Downloaded sources for com.fasterxml.jackson.dataformat:jackson-dataformat-yaml:2.17.2
2024-08-26 10:09:12,137 [Worker-21: Download sources and javadoc] INFO  o.e.m.c.i.e.AbstractTransferListenerAdapter - Downloading https://nexus3-aprr-sagt.apps.cicd.arcus.soprasteria.com/repository/maven-public/io/swagger/core/v3/swagger-annotations/2.2.20/swagger-annotations-2.2.20-sources.jar
2024-08-26 10:09:13,462 [Worker-21: Download sources and javadoc] INFO  o.e.m.c.i.e.AbstractTransferListenerAdapter - Downloaded https://nexus3-aprr-sagt.apps.cicd.arcus.soprasteria.com/repository/maven-public/io/swagger/core/v3/swagger-annotations/2.2.20/swagger-annotations-2.2.20-sources.jar
2024-08-26 10:09:13,468 [Worker-21: Download sources and javadoc] INFO  o.e.m.j.internal.DownloadSourcesJob - Downloaded sources for io.swagger.core.v3:swagger-annotations:2.2.20
2024-08-26 10:09:15,378 [Worker-21: Download sources and javadoc] INFO  o.e.m.c.i.e.AbstractTransferListenerAdapter - Downloading https://nexus3-aprr-sagt.apps.cicd.arcus.soprasteria.com/repository/maven-public/io/swagger/core/v3/swagger-models/2.2.20/swagger-models-2.2.20-sources.jar
2024-08-26 10:09:16,675 [Worker-21: Download sources and javadoc] INFO  o.e.m.c.i.e.AbstractTransferListenerAdapter - Downloaded https://nexus3-aprr-sagt.apps.cicd.arcus.soprasteria.com/repository/maven-public/io/swagger/core/v3/swagger-models/2.2.20/swagger-models-2.2.20-sources.jar
2024-08-26 10:09:16,685 [Worker-21: Download sources and javadoc] INFO  o.e.m.j.internal.DownloadSourcesJob - Downloaded sources for io.swagger.core.v3:swagger-models:2.2.20
2024-08-26 10:09:18,559 [Worker-21: Download sources and javadoc] INFO  o.e.m.c.i.e.AbstractTransferListenerAdapter - Downloaded https://nexus3-aprr-sagt.apps.cicd.arcus.soprasteria.com/repository/maven-public/org/webjars/swagger-ui/5.11.8/swagger-ui-5.11.8-sources.jar
2024-08-26 10:09:18,580 [Worker-21: Download sources and javadoc] ERROR o.e.m.j.internal.DownloadSourcesJob - Could not download sources for org.webjars:swagger-ui:5.11.8
org.eclipse.core.runtime.CoreException: Could not resolve artifact org.webjars:swagger-ui:jar:sources:5.11.8
	at org.eclipse.m2e.core.internal.embedder.MavenImpl.lambda$4(MavenImpl.java:828)
	at org.eclipse.m2e.core.internal.embedder.MavenExecutionContext.executeBare(MavenExecutionContext.java:182)
	at org.eclipse.m2e.core.internal.embedder.MavenExecutionContext.execute(MavenExecutionContext.java:117)
	at org.eclipse.m2e.core.internal.embedder.MavenExecutionContext.execute(MavenExecutionContext.java:103)
	at org.eclipse.m2e.core.internal.embedder.MavenImpl.resolve(MavenImpl.java:796)
	at org.eclipse.m2e.core.internal.embedder.MavenImpl.resolve(MavenImpl.java:773)
	at org.eclipse.m2e.jdt.internal.DownloadSourcesJob.download(DownloadSourcesJob.java:311)
	at org.eclipse.m2e.jdt.internal.DownloadSourcesJob.downloadAttachments(DownloadSourcesJob.java:285)
	at org.eclipse.m2e.jdt.internal.DownloadSourcesJob.downloadMaven(DownloadSourcesJob.java:255)
	at org.eclipse.m2e.jdt.internal.DownloadSourcesJob.downloadFilesAndPopulateToUpdate(DownloadSourcesJob.java:223)
	at org.eclipse.m2e.jdt.internal.DownloadSourcesJob.lambda$0(DownloadSourcesJob.java:152)
	at org.eclipse.m2e.core.internal.embedder.MavenExecutionContext.executeBare(MavenExecutionContext.java:182)
	at org.eclipse.m2e.core.internal.embedder.MavenExecutionContext.execute(MavenExecutionContext.java:156)
	at org.eclipse.m2e.core.internal.embedder.MavenExecutionContext.execute(MavenExecutionContext.java:103)
	at org.eclipse.m2e.core.internal.embedder.MavenImpl.execute(MavenImpl.java:1416)
	at org.eclipse.m2e.jdt.internal.DownloadSourcesJob.run(DownloadSourcesJob.java:152)
	at org.eclipse.core.internal.jobs.Worker.run(Worker.java:63)
2024-08-26 10:09:20,401 [Worker-21: Download sources and javadoc] INFO  o.e.m.c.i.e.AbstractTransferListenerAdapter - Downloading https://nexus3-aprr-sagt.apps.cicd.arcus.soprasteria.com/repository/maven-public/javax/servlet/javax.servlet-api/4.0.1/javax.servlet-api-4.0.1-sources.jar
2024-08-26 10:09:22,299 [Worker-21: Download sources and javadoc] INFO  o.e.m.c.i.e.AbstractTransferListenerAdapter - Downloaded https://nexus3-aprr-sagt.apps.cicd.arcus.soprasteria.com/repository/maven-public/javax/servlet/javax.servlet-api/4.0.1/javax.servlet-api-4.0.1-sources.jar
2024-08-26 10:09:22,311 [Worker-21: Download sources and javadoc] INFO  o.e.m.j.internal.DownloadSourcesJob - Downloaded sources for javax.servlet:javax.servlet-api:4.0.1
2024-08-26 10:09:24,449 [Worker-21: Download sources and javadoc] INFO  o.e.m.c.i.e.AbstractTransferListenerAdapter - Downloading https://nexus3-aprr-sagt.apps.cicd.arcus.soprasteria.com/repository/maven-public/org/hibernate/orm/hibernate-core/6.5.2.Final/hibernate-core-6.5.2.Final-sources.jar
2024-08-26 10:09:30,770 [Worker-21: Download sources and javadoc] INFO  o.e.m.c.i.e.AbstractTransferListenerAdapter - Downloaded https://nexus3-aprr-sagt.apps.cicd.arcus.soprasteria.com/repository/maven-public/org/hibernate/orm/hibernate-core/6.5.2.Final/hibernate-core-6.5.2.Final-sources.jar
2024-08-26 10:09:30,776 [Worker-21: Download sources and javadoc] INFO  o.e.m.j.internal.DownloadSourcesJob - Downloaded sources for org.hibernate.orm:hibernate-core:6.5.2.Final
2024-08-26 10:09:32,567 [Worker-21: Download sources and javadoc] INFO  o.e.m.c.i.e.AbstractTransferListenerAdapter - Downloading https://nexus3-aprr-sagt.apps.cicd.arcus.soprasteria.com/repository/maven-public/com/fasterxml/classmate/1.7.0/classmate-1.7.0-sources.jar
2024-08-26 10:09:33,873 [Worker-21: Download sources and javadoc] INFO  o.e.m.c.i.e.AbstractTransferListenerAdapter - Downloaded https://nexus3-aprr-sagt.apps.cicd.arcus.soprasteria.com/repository/maven-public/com/fasterxml/classmate/1.7.0/classmate-1.7.0-sources.jar
2024-08-26 10:09:33,880 [Worker-21: Download sources and javadoc] INFO  o.e.m.j.internal.DownloadSourcesJob - Downloaded sources for com.fasterxml:classmate:1.7.0
2024-08-26 10:09:35,669 [Worker-21: Download sources and javadoc] INFO  o.e.m.c.i.e.AbstractTransferListenerAdapter - Downloading https://nexus3-aprr-sagt.apps.cicd.arcus.soprasteria.com/repository/maven-public/net/bytebuddy/byte-buddy/1.14.18/byte-buddy-1.14.18-sources.jar
2024-08-26 10:09:38,662 [Worker-21: Download sources and javadoc] INFO  o.e.m.c.i.e.AbstractTransferListenerAdapter - Downloaded https://nexus3-aprr-sagt.apps.cicd.arcus.soprasteria.com/repository/maven-public/net/bytebuddy/byte-buddy/1.14.18/byte-buddy-1.14.18-sources.jar
2024-08-26 10:09:38,669 [Worker-21: Download sources and javadoc] INFO  o.e.m.j.internal.DownloadSourcesJob - Downloaded sources for net.bytebuddy:byte-buddy:1.14.18
2024-08-26 10:09:40,493 [Worker-21: Download sources and javadoc] INFO  o.e.m.c.i.e.AbstractTransferListenerAdapter - Downloading https://nexus3-aprr-sagt.apps.cicd.arcus.soprasteria.com/repository/maven-public/org/glassfish/jaxb/jaxb-runtime/4.0.5/jaxb-runtime-4.0.5-sources.jar
2024-08-26 10:09:42,803 [Worker-21: Download sources and javadoc] INFO  o.e.m.c.i.e.AbstractTransferListenerAdapter - Downloaded https://nexus3-aprr-sagt.apps.cicd.arcus.soprasteria.com/repository/maven-public/org/glassfish/jaxb/jaxb-runtime/4.0.5/jaxb-runtime-4.0.5-sources.jar
2024-08-26 10:09:42,810 [Worker-21: Download sources and javadoc] INFO  o.e.m.j.internal.DownloadSourcesJob - Downloaded sources for org.glassfish.jaxb:jaxb-runtime:4.0.5
2024-08-26 10:09:45,333 [Worker-21: Download sources and javadoc] INFO  o.e.m.c.i.e.AbstractTransferListenerAdapter - Downloading https://nexus3-aprr-sagt.apps.cicd.arcus.soprasteria.com/repository/maven-public/org/glassfish/jaxb/jaxb-core/4.0.5/jaxb-core-4.0.5-sources.jar
2024-08-26 10:09:46,807 [Worker-21: Download sources and javadoc] INFO  o.e.m.c.i.e.AbstractTransferListenerAdapter - Downloaded https://nexus3-aprr-sagt.apps.cicd.arcus.soprasteria.com/repository/maven-public/org/glassfish/jaxb/jaxb-core/4.0.5/jaxb-core-4.0.5-sources.jar
2024-08-26 10:09:46,815 [Worker-21: Download sources and javadoc] INFO  o.e.m.j.internal.DownloadSourcesJob - Downloaded sources for org.glassfish.jaxb:jaxb-core:4.0.5
2024-08-26 10:09:48,673 [Worker-21: Download sources and javadoc] INFO  o.e.m.c.i.e.AbstractTransferListenerAdapter - Downloading https://nexus3-aprr-sagt.apps.cicd.arcus.soprasteria.com/repository/maven-public/org/eclipse/angus/angus-activation/2.0.2/angus-activation-2.0.2-sources.jar
2024-08-26 10:09:49,799 [Worker-21: Download sources and javadoc] INFO  o.e.m.c.i.e.AbstractTransferListenerAdapter - Downloaded https://nexus3-aprr-sagt.apps.cicd.arcus.soprasteria.com/repository/maven-public/org/eclipse/angus/angus-activation/2.0.2/angus-activation-2.0.2-sources.jar
2024-08-26 10:09:49,806 [Worker-21: Download sources and javadoc] INFO  o.e.m.j.internal.DownloadSourcesJob - Downloaded sources for org.eclipse.angus:angus-activation:2.0.2
2024-08-26 10:09:51,763 [Worker-21: Download sources and javadoc] INFO  o.e.m.c.i.e.AbstractTransferListenerAdapter - Downloading https://nexus3-aprr-sagt.apps.cicd.arcus.soprasteria.com/repository/maven-public/org/glassfish/jaxb/txw2/4.0.5/txw2-4.0.5-sources.jar
2024-08-26 10:09:53,326 [Worker-21: Download sources and javadoc] INFO  o.e.m.c.i.e.AbstractTransferListenerAdapter - Downloaded https://nexus3-aprr-sagt.apps.cicd.arcus.soprasteria.com/repository/maven-public/org/glassfish/jaxb/txw2/4.0.5/txw2-4.0.5-sources.jar
2024-08-26 10:09:53,333 [Worker-21: Download sources and javadoc] INFO  o.e.m.j.internal.DownloadSourcesJob - Downloaded sources for org.glassfish.jaxb:txw2:4.0.5
2024-08-26 10:09:54,945 [Worker-21: Download sources and javadoc] INFO  o.e.m.c.i.e.AbstractTransferListenerAdapter - Downloading https://nexus3-aprr-sagt.apps.cicd.arcus.soprasteria.com/repository/maven-public/org/springframework/boot/spring-boot-starter-web/3.3.2/spring-boot-starter-web-3.3.2-sources.jar
2024-08-26 10:09:56,007 [Worker-21: Download sources and javadoc] INFO  o.e.m.c.i.e.AbstractTransferListenerAdapter - Downloaded https://nexus3-aprr-sagt.apps.cicd.arcus.soprasteria.com/repository/maven-public/org/springframework/boot/spring-boot-starter-web/3.3.2/spring-boot-starter-web-3.3.2-sources.jar
2024-08-26 10:09:56,014 [Worker-21: Download sources and javadoc] INFO  o.e.m.j.internal.DownloadSourcesJob - Downloaded sources for org.springframework.boot:spring-boot-starter-web:3.3.2
2024-08-26 10:09:57,697 [Worker-21: Download sources and javadoc] INFO  o.e.m.c.i.e.AbstractTransferListenerAdapter - Downloading https://nexus3-aprr-sagt.apps.cicd.arcus.soprasteria.com/repository/maven-public/org/springframework/boot/spring-boot-starter-json/3.3.2/spring-boot-starter-json-3.3.2-sources.jar
2024-08-26 10:09:58,780 [Worker-21: Download sources and javadoc] INFO  o.e.m.c.i.e.AbstractTransferListenerAdapter - Downloaded https://nexus3-aprr-sagt.apps.cicd.arcus.soprasteria.com/repository/maven-public/org/springframework/boot/spring-boot-starter-json/3.3.2/spring-boot-starter-json-3.3.2-sources.jar
2024-08-26 10:09:58,792 [Worker-21: Download sources and javadoc] INFO  o.e.m.j.internal.DownloadSourcesJob - Downloaded sources for org.springframework.boot:spring-boot-starter-json:3.3.2
2024-08-26 10:10:00,679 [Worker-21: Download sources and javadoc] INFO  o.e.m.c.i.e.AbstractTransferListenerAdapter - Downloading https://nexus3-aprr-sagt.apps.cicd.arcus.soprasteria.com/repository/maven-public/com/fasterxml/jackson/datatype/jackson-datatype-jdk8/2.17.2/jackson-datatype-jdk8-2.17.2-sources.jar
2024-08-26 10:10:01,786 [Worker-21: Download sources and javadoc] INFO  o.e.m.c.i.e.AbstractTransferListenerAdapter - Downloaded https://nexus3-aprr-sagt.apps.cicd.arcus.soprasteria.com/repository/maven-public/com/fasterxml/jackson/datatype/jackson-datatype-jdk8/2.17.2/jackson-datatype-jdk8-2.17.2-sources.jar
2024-08-26 10:10:01,793 [Worker-21: Download sources and javadoc] INFO  o.e.m.j.internal.DownloadSourcesJob - Downloaded sources for com.fasterxml.jackson.datatype:jackson-datatype-jdk8:2.17.2
2024-08-26 10:10:05,628 [Worker-21: Download sources and javadoc] INFO  o.e.m.c.i.e.AbstractTransferListenerAdapter - Downloading https://nexus3-aprr-sagt.apps.cicd.arcus.soprasteria.com/repository/maven-public/com/fasterxml/jackson/datatype/jackson-datatype-jsr310/2.17.2/jackson-datatype-jsr310-2.17.2-sources.jar
2024-08-26 10:10:07,017 [Worker-21: Download sources and javadoc] INFO  o.e.m.c.i.e.AbstractTransferListenerAdapter - Downloaded https://nexus3-aprr-sagt.apps.cicd.arcus.soprasteria.com/repository/maven-public/com/fasterxml/jackson/datatype/jackson-datatype-jsr310/2.17.2/jackson-datatype-jsr310-2.17.2-sources.jar
2024-08-26 10:10:07,024 [Worker-21: Download sources and javadoc] INFO  o.e.m.j.internal.DownloadSourcesJob - Downloaded sources for com.fasterxml.jackson.datatype:jackson-datatype-jsr310:2.17.2
2024-08-26 10:10:08,700 [Worker-21: Download sources and javadoc] INFO  o.e.m.c.i.e.AbstractTransferListenerAdapter - Downloading https://nexus3-aprr-sagt.apps.cicd.arcus.soprasteria.com/repository/maven-public/com/fasterxml/jackson/module/jackson-module-parameter-names/2.17.2/jackson-module-parameter-names-2.17.2-sources.jar
2024-08-26 10:10:09,865 [Worker-21: Download sources and javadoc] INFO  o.e.m.c.i.e.AbstractTransferListenerAdapter - Downloaded https://nexus3-aprr-sagt.apps.cicd.arcus.soprasteria.com/repository/maven-public/com/fasterxml/jackson/module/jackson-module-parameter-names/2.17.2/jackson-module-parameter-names-2.17.2-sources.jar
2024-08-26 10:10:09,888 [Worker-21: Download sources and javadoc] INFO  o.e.m.j.internal.DownloadSourcesJob - Downloaded sources for com.fasterxml.jackson.module:jackson-module-parameter-names:2.17.2
2024-08-26 10:10:11,660 [Worker-21: Download sources and javadoc] INFO  o.e.m.c.i.e.AbstractTransferListenerAdapter - Downloading https://nexus3-aprr-sagt.apps.cicd.arcus.soprasteria.com/repository/maven-public/org/springframework/boot/spring-boot-starter-tomcat/3.3.2/spring-boot-starter-tomcat-3.3.2-sources.jar
2024-08-26 10:10:12,812 [Worker-21: Download sources and javadoc] INFO  o.e.m.c.i.e.AbstractTransferListenerAdapter - Downloaded https://nexus3-aprr-sagt.apps.cicd.arcus.soprasteria.com/repository/maven-public/org/springframework/boot/spring-boot-starter-tomcat/3.3.2/spring-boot-starter-tomcat-3.3.2-sources.jar
2024-08-26 10:10:12,820 [Worker-21: Download sources and javadoc] INFO  o.e.m.j.internal.DownloadSourcesJob - Downloaded sources for org.springframework.boot:spring-boot-starter-tomcat:3.3.2
2024-08-26 10:10:14,884 [Worker-21: Download sources and javadoc] INFO  o.e.m.c.i.e.AbstractTransferListenerAdapter - Downloading https://nexus3-aprr-sagt.apps.cicd.arcus.soprasteria.com/repository/maven-public/org/apache/tomcat/embed/tomcat-embed-core/10.1.26/tomcat-embed-core-10.1.26-sources.jar
2024-08-26 10:10:19,358 [Worker-21: Download sources and javadoc] INFO  o.e.m.c.i.e.AbstractTransferListenerAdapter - Downloaded https://nexus3-aprr-sagt.apps.cicd.arcus.soprasteria.com/repository/maven-public/org/apache/tomcat/embed/tomcat-embed-core/10.1.26/tomcat-embed-core-10.1.26-sources.jar
2024-08-26 10:10:19,365 [Worker-21: Download sources and javadoc] INFO  o.e.m.j.internal.DownloadSourcesJob - Downloaded sources for org.apache.tomcat.embed:tomcat-embed-core:10.1.26
2024-08-26 10:10:21,061 [Worker-21: Download sources and javadoc] INFO  o.e.m.c.i.e.AbstractTransferListenerAdapter - Downloading https://nexus3-aprr-sagt.apps.cicd.arcus.soprasteria.com/repository/maven-public/org/apache/tomcat/embed/tomcat-embed-el/10.1.26/tomcat-embed-el-10.1.26-sources.jar
2024-08-26 10:10:22,745 [Worker-21: Download sources and javadoc] INFO  o.e.m.c.i.e.AbstractTransferListenerAdapter - Downloaded https://nexus3-aprr-sagt.apps.cicd.arcus.soprasteria.com/repository/maven-public/org/apache/tomcat/embed/tomcat-embed-el/10.1.26/tomcat-embed-el-10.1.26-sources.jar
2024-08-26 10:10:22,752 [Worker-21: Download sources and javadoc] INFO  o.e.m.j.internal.DownloadSourcesJob - Downloaded sources for org.apache.tomcat.embed:tomcat-embed-el:10.1.26
2024-08-26 10:10:24,509 [Worker-21: Download sources and javadoc] INFO  o.e.m.c.i.e.AbstractTransferListenerAdapter - Downloading https://nexus3-aprr-sagt.apps.cicd.arcus.soprasteria.com/repository/maven-public/org/apache/tomcat/embed/tomcat-embed-websocket/10.1.26/tomcat-embed-websocket-10.1.26-sources.jar
2024-08-26 10:10:26,118 [Worker-21: Download sources and javadoc] INFO  o.e.m.c.i.e.AbstractTransferListenerAdapter - Downloaded https://nexus3-aprr-sagt.apps.cicd.arcus.soprasteria.com/repository/maven-public/org/apache/tomcat/embed/tomcat-embed-websocket/10.1.26/tomcat-embed-websocket-10.1.26-sources.jar
2024-08-26 10:10:26,126 [Worker-21: Download sources and javadoc] INFO  o.e.m.j.internal.DownloadSourcesJob - Downloaded sources for org.apache.tomcat.embed:tomcat-embed-websocket:10.1.26
2024-08-26 10:10:27,942 [Worker-21: Download sources and javadoc] INFO  o.e.m.c.i.e.AbstractTransferListenerAdapter - Downloading https://nexus3-aprr-sagt.apps.cicd.arcus.soprasteria.com/repository/maven-public/org/springframework/spring-web/6.1.11/spring-web-6.1.11-sources.jar
2024-08-26 10:10:31,111 [Worker-21: Download sources and javadoc] INFO  o.e.m.c.i.e.AbstractTransferListenerAdapter - Downloaded https://nexus3-aprr-sagt.apps.cicd.arcus.soprasteria.com/repository/maven-public/org/springframework/spring-web/6.1.11/spring-web-6.1.11-sources.jar
2024-08-26 10:10:31,119 [Worker-21: Download sources and javadoc] INFO  o.e.m.j.internal.DownloadSourcesJob - Downloaded sources for org.springframework:spring-web:6.1.11
2024-08-26 10:10:32,981 [Worker-21: Download sources and javadoc] INFO  o.e.m.c.i.e.AbstractTransferListenerAdapter - Downloading https://nexus3-aprr-sagt.apps.cicd.arcus.soprasteria.com/repository/maven-public/io/micrometer/micrometer-observation/1.13.2/micrometer-observation-1.13.2-sources.jar
2024-08-26 10:10:34,231 [Worker-21: Download sources and javadoc] INFO  o.e.m.c.i.e.AbstractTransferListenerAdapter - Downloaded https://nexus3-aprr-sagt.apps.cicd.arcus.soprasteria.com/repository/maven-public/io/micrometer/micrometer-observation/1.13.2/micrometer-observation-1.13.2-sources.jar
2024-08-26 10:10:34,242 [Worker-21: Download sources and javadoc] INFO  o.e.m.j.internal.DownloadSourcesJob - Downloaded sources for io.micrometer:micrometer-observation:1.13.2
2024-08-26 10:10:36,031 [Worker-21: Download sources and javadoc] INFO  o.e.m.c.i.e.AbstractTransferListenerAdapter - Downloading https://nexus3-aprr-sagt.apps.cicd.arcus.soprasteria.com/repository/maven-public/io/micrometer/micrometer-commons/1.13.2/micrometer-commons-1.13.2-sources.jar
2024-08-26 10:10:37,433 [Worker-21: Download sources and javadoc] INFO  o.e.m.c.i.e.AbstractTransferListenerAdapter - Downloaded https://nexus3-aprr-sagt.apps.cicd.arcus.soprasteria.com/repository/maven-public/io/micrometer/micrometer-commons/1.13.2/micrometer-commons-1.13.2-sources.jar
2024-08-26 10:10:37,444 [Worker-21: Download sources and javadoc] INFO  o.e.m.j.internal.DownloadSourcesJob - Downloaded sources for io.micrometer:micrometer-commons:1.13.2
2024-08-26 10:10:39,380 [Worker-21: Download sources and javadoc] INFO  o.e.m.c.i.e.AbstractTransferListenerAdapter - Downloading https://nexus3-aprr-sagt.apps.cicd.arcus.soprasteria.com/repository/maven-public/org/springframework/spring-webmvc/6.1.11/spring-webmvc-6.1.11-sources.jar
2024-08-26 10:10:41,545 [Worker-21: Download sources and javadoc] INFO  o.e.m.c.i.e.AbstractTransferListenerAdapter - Downloaded https://nexus3-aprr-sagt.apps.cicd.arcus.soprasteria.com/repository/maven-public/org/springframework/spring-webmvc/6.1.11/spring-webmvc-6.1.11-sources.jar
2024-08-26 10:10:41,550 [Worker-21: Download sources and javadoc] INFO  o.e.m.j.internal.DownloadSourcesJob - Downloaded sources for org.springframework:spring-webmvc:6.1.11
2024-08-26 10:10:43,370 [Worker-21: Download sources and javadoc] INFO  o.e.m.c.i.e.AbstractTransferListenerAdapter - Downloading https://nexus3-aprr-sagt.apps.cicd.arcus.soprasteria.com/repository/maven-public/org/springframework/boot/spring-boot-autoconfigure/3.3.1/spring-boot-autoconfigure-3.3.1-sources.jar
2024-08-26 10:10:47,443 [Worker-21: Download sources and javadoc] INFO  o.e.m.c.i.e.AbstractTransferListenerAdapter - Downloaded https://nexus3-aprr-sagt.apps.cicd.arcus.soprasteria.com/repository/maven-public/org/springframework/boot/spring-boot-autoconfigure/3.3.1/spring-boot-autoconfigure-3.3.1-sources.jar
2024-08-26 10:10:47,452 [Worker-21: Download sources and javadoc] INFO  o.e.m.j.internal.DownloadSourcesJob - Downloaded sources for org.springframework.boot:spring-boot-autoconfigure:3.3.1
2024-08-26 10:10:49,233 [Worker-21: Download sources and javadoc] INFO  o.e.m.c.i.e.AbstractTransferListenerAdapter - Downloading https://nexus3-aprr-sagt.apps.cicd.arcus.soprasteria.com/repository/maven-public/org/springframework/boot/spring-boot/3.3.2/spring-boot-3.3.2-sources.jar
2024-08-26 10:10:52,835 [Worker-21: Download sources and javadoc] INFO  o.e.m.c.i.e.AbstractTransferListenerAdapter - Downloaded https://nexus3-aprr-sagt.apps.cicd.arcus.soprasteria.com/repository/maven-public/org/springframework/boot/spring-boot/3.3.2/spring-boot-3.3.2-sources.jar
2024-08-26 10:10:52,844 [Worker-21: Download sources and javadoc] INFO  o.e.m.j.internal.DownloadSourcesJob - Downloaded sources for org.springframework.boot:spring-boot:3.3.2
2024-08-26 10:10:54,650 [Worker-16: Building] INFO  o.e.m.c.i.embedder.EclipseLogger - Code generation is skipped in delta-build because source-json was not modified.
2024-08-26 10:10:54,754 [Worker-16: Building] INFO  o.a.m.s.f.DefaultMavenResourcesFiltering - Copying 0 resource from src\main\resources to target\classes
2024-08-26 10:10:54,755 [Worker-16: Building] INFO  o.a.m.s.f.DefaultMavenResourcesFiltering - Copying 0 resource from src\main\resources to target\classes
2024-08-26 10:10:54,758 [Worker-16: Building] INFO  o.a.m.s.f.DefaultMavenResourcesFiltering - skip non existing resourceDirectory C:\Users\msravani\Downloads\fitcliff-main\src\test\resources
